#
# A fatal error has been detected by the Java Runtime Environment:
#
#  EXCEPTION_ACCESS_VIOLATION (0xc0000005) at pc=0x00007ffc14f9e0e3, pid=15512, tid=23776
#
# JRE version: OpenJDK Runtime Environment Temurin-21.0.9+10 (21.0.9+10) (build 21.0.9+10-LTS)
# Java VM: OpenJDK 64-Bit Server VM Temurin-21.0.9+10 (21.0.9+10-LTS, mixed mode, sharing, tiered, compressed oops, compressed class ptrs, parallel gc, windows-amd64)
# Problematic frame:
# V  [jvm.dll+0x8e0e3]
#
# No core dump will be written. Minidumps are not enabled by default on client versions of Windows
#
# If you would like to submit a bug report, please visit:
#   https://github.com/adoptium/adoptium-support/issues
#

---------------  S U M M A R Y ------------

Command Line: --add-modules=ALL-SYSTEM --add-opens=java.base/java.util=ALL-UNNAMED --add-opens=java.base/java.lang=ALL-UNNAMED --add-opens=java.base/sun.nio.fs=ALL-UNNAMED -Declipse.application=org.eclipse.jdt.ls.core.id1 -Dosgi.bundles.defaultStartLevel=4 -Declipse.product=org.eclipse.jdt.ls.core.product -Djava.import.generatesMetadataFilesAtProjectRoot=false -DDetectVMInstallationsJob.disabled=true -Dfile.encoding=utf8 -XX:+UseParallelGC -XX:GCTimeRatio=4 -XX:AdaptiveSizePolicyWeight=90 -Dsun.zip.disableMemoryMapping=true -Xmx2G -Xms100m -Xlog:disable -javaagent:c:\Users\Angel\.vscode\extensions\redhat.java-1.49.0-win32-x64\lombok\lombok-1.18.39-4050.jar -XX:+HeapDumpOnOutOfMemoryError -XX:HeapDumpPath=c:\Users\Angel\AppData\Roaming\Code\User\workspaceStorage\591401a15d8a2f8f950499cbec7351e0\redhat.java -Daether.dependencyCollector.impl=bf c:\Users\Angel\.vscode\extensions\redhat.java-1.49.0-win32-x64\server\plugins\org.eclipse.equinox.launcher_1.7.100.v20251111-0406.jar -configuration c:\Users\Angel\AppData\Roaming\Code\User\globalStorage\redhat.java\1.49.0\config_win -data c:\Users\Angel\AppData\Roaming\Code\User\workspaceStorage\591401a15d8a2f8f950499cbec7351e0\redhat.java\jdt_ws --pipe=\\.\pipe\lsp-ec8ac986e70d638b13862af4cebc93eb-sock

Host: AMD Ryzen 9 6900HX with Radeon Graphics        , 16 cores, 19G,  Windows 11 , 64 bit Build 26100 (10.0.26100.6725)
Time: Tue Nov 25 12:42:50 2025 Hora est. Pacífico, Sudamérica elapsed time: 29.322805 seconds (0d 0h 0m 29s)

---------------  T H R E A D  ---------------

Current thread (0x000001b76f027360):  JavaThread "C2 CompilerThread2" daemon [_thread_in_native, id=23776, stack(0x0000003c9b100000,0x0000003c9b200000) (1024K)]


Current CompileTask:
C2:29322 7086       4       java.util.regex.Pattern::newSlice (181 bytes)

Stack: [0x0000003c9b100000,0x0000003c9b200000],  sp=0x0000003c9b1fce50,  free space=1011k
Native frames: (J=compiled Java code, j=interpreted, Vv=VM code, C=native code)
V  [jvm.dll+0x8e0e3]
V  [jvm.dll+0x665f4d]
V  [jvm.dll+0x663e5b]
V  [jvm.dll+0x24be1b]
V  [jvm.dll+0x24b580]
V  [jvm.dll+0x1cb13e]
V  [jvm.dll+0x25b29d]
V  [jvm.dll+0x25982a]
V  [jvm.dll+0x3f7ea6]
V  [jvm.dll+0x85e9ad]
V  [jvm.dll+0x6d565d]
C  [ucrtbase.dll+0x37b0]
C  [KERNEL32.DLL+0x2e8d7]
C  [ntdll.dll+0x8c53c]


siginfo: EXCEPTION_ACCESS_VIOLATION (0xc0000005), reading address 0x000001baff900030


Registers:
RAX=0x0000000072322e00, RBX=0x000001b770756430, RCX=0x000001b772322da8, RDX=0x000001baff900038
RSP=0x0000003c9b1fce50, RBP=0x0000003c9b1fced0, RSI=0xfffffffffffffff8, RDI=0x000001b77074e7f8
R8 =0x000001b76dfe9038, R9 =0x000001b77074e868, R10=0x00007ffc9e6d0000, R11=0x00007ffc9e6dfd11
R12=0x0000000000000000, R13=0x0000003c9b1fd2e0, R14=0x0000000000000000, R15=0x000001b76f12d8e8
RIP=0x00007ffc14f9e0e3, EFLAGS=0x0000000000010202

XMM[0]=0x000001b77074ebd8 0x000001b77074f608
XMM[1]=0x000001b77074ebd8 0x000001b77074f608
XMM[2]=0x000001b76df5bc58 0x000001b770754e70
XMM[3]=0x0000000000000000 0x0000000000000000
XMM[4]=0x0000000000000000 0x0000000000000000
XMM[5]=0x000001b770754e70 0x000001b7707533e0
XMM[6]=0x0000000000000000 0x0000000000000000
XMM[7]=0x0000000000000000 0x0000000000000000
XMM[8]=0x0000000000000000 0x0000000000000000
XMM[9]=0x0000000000000000 0x0000000000000000
XMM[10]=0x0000000000000000 0x0000000000000000
XMM[11]=0x0000000000000000 0x0000000000000000
XMM[12]=0x0000000000000000 0x0000000000000000
XMM[13]=0x0000000000000000 0x0000000000000000
XMM[14]=0x0000000000000000 0x0000000000000000
XMM[15]=0x0000000000000000 0x0000000000000000
  MXCSR=0x00001fa0


Register to memory mapping:

RAX=0x0000000072322e00 is an unknown value
RBX=0x000001b770756430 points into unknown readable memory: 0x00007ffc158c1c48 | 48 1c 8c 15 fc 7f 00 00
RCX=0x000001b772322da8 points into unknown readable memory: 0x000001b700000040 | 40 00 00 00 b7 01 00 00
RDX=0x000001baff900038 is an unknown value
RSP=0x0000003c9b1fce50 is pointing into the stack for thread: 0x000001b76f027360
RBP=0x0000003c9b1fced0 is pointing into the stack for thread: 0x000001b76f027360
RSI=0xfffffffffffffff8 is an unknown value
RDI=0x000001b77074e7f8 points into unknown readable memory: 0x00007ffc1592c1e8 | e8 c1 92 15 fc 7f 00 00
R8 =0x000001b76dfe9038 points into unknown readable memory: 0x00007ffc15918488 | 88 84 91 15 fc 7f 00 00
R9 =0x000001b77074e868 points into unknown readable memory: 0x000001b772322da8 | a8 2d 32 72 b7 01 00 00
R10=0x00007ffc9e6d0000 VCRUNTIME140.dll
R11=0x00007ffc9e6dfd11 VCRUNTIME140.dll
R12=0x0 is null
R13=0x0000003c9b1fd2e0 is pointing into the stack for thread: 0x000001b76f027360
R14=0x0 is null
R15=0x000001b76f12d8e8 points into unknown readable memory: 0x00007ffc15919480 | 80 94 91 15 fc 7f 00 00

Top of Stack: (sp=0x0000003c9b1fce50)
0x0000003c9b1fce50:   000001b770750a90 fffffffffffffff8
0x0000003c9b1fce60:   fffffffffffffff8 0000003c9b1fced0
0x0000003c9b1fce70:   0000000000000000 00007ffc15575f4d
0x0000003c9b1fce80:   000001b770756430 0000003c00000118
0x0000003c9b1fce90:   0000000000000001 0000000000000001
0x0000003c9b1fcea0:   000001b774020870 000001b7740292f0
0x0000003c9b1fceb0:   000001b774020730 000001b76d650190
0x0000003c9b1fcec0:   0000003c9b1fe8e0 000001b76f667a58
0x0000003c9b1fced0:   0000000000000000 0000003c9b1fd2e0
0x0000003c9b1fcee0:   0000003c9b1fcf79 00007ffc15573e5b
0x0000003c9b1fcef0:   000000000000000e 0000000000000786
0x0000003c9b1fcf00:   000000000000000e 0000000000000000
0x0000003c9b1fcf10:   000001b76d16d8b0 0000003c9b1fe8e0
0x0000003c9b1fcf20:   0000000000100000 0000000000000000
0x0000003c9b1fcf30:   0000000000000000 0000000000000000
0x0000003c9b1fcf40:   0000000000000000 0000000000000000
0x0000003c9b1fcf50:   0000000000000000 0000000000000000
0x0000003c9b1fcf60:   0000000000000000 0000000000000000
0x0000003c9b1fcf70:   0000000000000000 0000000000000000
0x0000003c9b1fcf80:   0000003c9b1fd388 0000000000000007
0x0000003c9b1fcf90:   0000000000000000 0000000000000000
0x0000003c9b1fcfa0:   000012fe2f861b65 00007ffc1556db62
0x0000003c9b1fcfb0:   0000000000000000 0000000080000000
0x0000003c9b1fcfc0:   000001b70e6a37c0 0000000000000000
0x0000003c9b1fcfd0:   0000003c9b1fd0e0 00007ffc1515be1b
0x0000003c9b1fcfe0:   0000003c9b1fe630 0000003c9b1fe630
0x0000003c9b1fcff0:   0000003c9b1fe630 00007ffc1592c4d0
0x0000003c9b1fd000:   0000000000000000 0000000000000000
0x0000003c9b1fd010:   0000000000000000 0000000000000000
0x0000003c9b1fd020:   0000000000000000 0000000000000000
0x0000003c9b1fd030:   0000000000000000 00007ffc1592c4d0
0x0000003c9b1fd040:   0000000000000000 0000000000000000 

Instructions: (pc=0x00007ffc14f9e0e3)
0x00007ffc14f9dfe3:   48 89 34 f8 48 8b 74 24 38 48 83 c4 20 5f c3 cc
0x00007ffc14f9dff3:   cc cc cc cc cc cc cc cc cc cc cc cc cc b8 cb 02
0x00007ffc14f9e003:   00 00 c3 cc cc cc cc cc cc cc cc cc cc b8 c9 02
0x00007ffc14f9e013:   00 00 c3 cc cc cc cc cc cc cc cc cc cc b8 c6 02
0x00007ffc14f9e023:   00 00 c3 cc cc cc cc cc cc cc cc cc cc b8 a8 02
0x00007ffc14f9e033:   00 00 c3 cc cc cc cc cc cc cc cc cc cc b8 22 04
0x00007ffc14f9e043:   00 00 c3 cc cc cc cc cc cc cc cc cc cc b8 24 04
0x00007ffc14f9e053:   00 00 c3 cc cc cc cc cc cc cc cc cc cc b8 be 02
0x00007ffc14f9e063:   00 00 c3 cc cc cc cc cc cc cc cc cc cc b8 b1 02
0x00007ffc14f9e073:   00 00 c3 cc cc cc cc cc cc cc cc cc cc b8 b6 02
0x00007ffc14f9e083:   00 00 c3 cc cc cc cc cc cc cc cc cc cc b8 9a 01
0x00007ffc14f9e093:   00 00 c3 cc cc cc cc cc cc cc cc cc cc b8 1e 03
0x00007ffc14f9e0a3:   00 00 c3 cc cc cc cc cc cc cc cc cc cc 48 89 5c
0x00007ffc14f9e0b3:   24 08 57 48 83 ec 20 48 8b 41 08 48 8b f9 8b d2
0x00007ffc14f9e0c3:   49 8b d8 48 8b 0c d0 4c 8d 0c d0 48 85 c9 74 26
0x00007ffc14f9e0d3:   4c 8b 41 10 4d 85 c0 74 1d 8b 41 20 49 8d 14 c0
0x00007ffc14f9e0e3:   48 39 7a f8 48 8d 52 f8 75 f6 ff c8 89 41 20 49
0x00007ffc14f9e0f3:   8b 0c c0 48 89 0a 49 89 19 48 85 db 74 25 48 83
0x00007ffc14f9e103:   7b 10 00 74 1e 8b 53 20 3b 53 24 75 08 48 8b cb
0x00007ffc14f9e113:   e8 a8 4f 62 00 8b 4b 20 48 8b 43 10 48 89 3c c8
0x00007ffc14f9e123:   ff 43 20 8b 0d bc f4 c5 00 65 48 8b 04 25 58 00
0x00007ffc14f9e133:   00 00 ba 70 00 00 00 48 8b 04 c8 80 3c 02 00 75
0x00007ffc14f9e143:   05 e8 17 60 8c 00 48 8b 5c 24 30 48 83 c4 20 5f
0x00007ffc14f9e153:   c3 cc cc cc cc cc cc cc cc cc cc cc cc b8 a8 00
0x00007ffc14f9e163:   00 00 c3 cc cc cc cc cc cc cc cc cc cc 40 53 48
0x00007ffc14f9e173:   83 ec 20 48 8b d9 e8 32 02 00 00 48 8d 05 23 22
0x00007ffc14f9e183:   92 00 c6 83 98 00 00 00 00 48 89 03 48 8d 83 a8
0x00007ffc14f9e193:   00 00 00 48 89 43 40 48 8b c3 c7 43 2c be 00 00
0x00007ffc14f9e1a3:   00 66 c7 43 3a 02 00 48 83 c4 20 5b c3 40 53 48
0x00007ffc14f9e1b3:   83 ec 20 48 8b d9 e8 f2 01 00 00 48 8d 05 db 24
0x00007ffc14f9e1c3:   92 00 c7 43 2c de 00 00 00 48 89 03 48 8d 83 a0
0x00007ffc14f9e1d3:   00 00 00 48 89 43 40 48 8b c3 66 c7 43 3a 02 00 


Stack slot to memory mapping:

stack at sp + 0 slots: 0x000001b770750a90 points into unknown readable memory: 0x00007ffc1588a450 | 50 a4 88 15 fc 7f 00 00
stack at sp + 1 slots: 0xfffffffffffffff8 is an unknown value
stack at sp + 2 slots: 0xfffffffffffffff8 is an unknown value
stack at sp + 3 slots: 0x0000003c9b1fced0 is pointing into the stack for thread: 0x000001b76f027360
stack at sp + 4 slots: 0x0 is null
stack at sp + 5 slots: 0x00007ffc15575f4d jvm.dll
stack at sp + 6 slots: 0x000001b770756430 points into unknown readable memory: 0x00007ffc158c1c48 | 48 1c 8c 15 fc 7f 00 00
stack at sp + 7 slots: 0x0000003c00000118 is an unknown value


---------------  P R O C E S S  ---------------

Threads class SMR info:
_java_thread_list=0x000001b773ea5b30, length=70, elements={
0x000001b70e62b410, 0x000001b767693f70, 0x000001b767695e30, 0x000001b76769cd10,
0x000001b76769dd10, 0x000001b7676a1c20, 0x000001b7676a27a0, 0x000001b7676a4980,
0x000001b7676b09d0, 0x000001b76791eac0, 0x000001b76d02fb70, 0x000001b76dd7c8e0,
0x000001b7677b27a0, 0x000001b76d58f440, 0x000001b76d5843c0, 0x000001b76da09430,
0x000001b7679b3fc0, 0x000001b76e226920, 0x000001b76d53fc40, 0x000001b76d540ff0,
0x000001b76d5402d0, 0x000001b76d541d10, 0x000001b76e240190, 0x000001b76dcf69a0,
0x000001b76dd70c70, 0x000001b76f027360, 0x000001b76d542a30, 0x000001b76dc23e50,
0x000001b76d38a3e0, 0x000001b76d5423a0, 0x000001b76d5430c0, 0x000001b76d540960,
0x000001b76fd52d10, 0x000001b76fd53a30, 0x000001b76fd55470, 0x000001b76fd533a0,
0x000001b76fd55b00, 0x000001b76fd54de0, 0x000001b76fd54750, 0x000001b76fd52680,
0x000001b76fd56190, 0x000001b76fd56820, 0x000001b76fd56eb0, 0x000001b76fd57540,
0x000001b76fd588f0, 0x000001b76fd540c0, 0x000001b76fd59ca0, 0x000001b76fd57bd0,
0x000001b76fd58260, 0x000001b76fd58f80, 0x000001b7679d2710, 0x000001b76da95f30,
0x000001b76d683ae0, 0x000001b76fd59610, 0x000001b76f625190, 0x000001b76f626540,
0x000001b76f6278f0, 0x000001b76f625eb0, 0x000001b76f627260, 0x000001b76f624b00,
0x000001b76f627f80, 0x000001b76f625820, 0x000001b773b3eac0, 0x000001b773b3f150,
0x000001b773b3f7e0, 0x000001b773b3d710, 0x000001b773b3dda0, 0x000001b773b3e430,
0x000001b773b3d080, 0x000001b773b3fe70
}

Java Threads: ( => current thread )
  0x000001b70e62b410 JavaThread "main"                              [_thread_blocked, id=23032, stack(0x0000003c98800000,0x0000003c98900000) (1024K)]
  0x000001b767693f70 JavaThread "Reference Handler"          daemon [_thread_blocked, id=23048, stack(0x0000003c98c00000,0x0000003c98d00000) (1024K)]
  0x000001b767695e30 JavaThread "Finalizer"                  daemon [_thread_blocked, id=23044, stack(0x0000003c98d00000,0x0000003c98e00000) (1024K)]
  0x000001b76769cd10 JavaThread "Signal Dispatcher"          daemon [_thread_blocked, id=22916, stack(0x0000003c98e00000,0x0000003c98f00000) (1024K)]
  0x000001b76769dd10 JavaThread "Attach Listener"            daemon [_thread_blocked, id=22664, stack(0x0000003c98f00000,0x0000003c99000000) (1024K)]
  0x000001b7676a1c20 JavaThread "Service Thread"             daemon [_thread_blocked, id=22600, stack(0x0000003c99000000,0x0000003c99100000) (1024K)]
  0x000001b7676a27a0 JavaThread "Monitor Deflation Thread"   daemon [_thread_blocked, id=23160, stack(0x0000003c99100000,0x0000003c99200000) (1024K)]
  0x000001b7676a4980 JavaThread "C2 CompilerThread0"         daemon [_thread_in_native, id=22584, stack(0x0000003c99200000,0x0000003c99300000) (1024K)]
  0x000001b7676b09d0 JavaThread "C1 CompilerThread0"         daemon [_thread_blocked, id=23216, stack(0x0000003c99300000,0x0000003c99400000) (1024K)]
  0x000001b76791eac0 JavaThread "Common-Cleaner"             daemon [_thread_blocked, id=23228, stack(0x0000003c99600000,0x0000003c99700000) (1024K)]
  0x000001b76d02fb70 JavaThread "Notification Thread"        daemon [_thread_blocked, id=23352, stack(0x0000003c99900000,0x0000003c99a00000) (1024K)]
  0x000001b76dd7c8e0 JavaThread "Active Thread: Equinox Container: d9f8c996-419b-4fc2-b5cc-8d772e66f621"        [_thread_blocked, id=22616, stack(0x0000003c9a300000,0x0000003c9a400000) (1024K)]
  0x000001b7677b27a0 JavaThread "Refresh Thread: Equinox Container: d9f8c996-419b-4fc2-b5cc-8d772e66f621" daemon [_thread_blocked, id=23296, stack(0x0000003c99400000,0x0000003c99500000) (1024K)]
  0x000001b76d58f440 JavaThread "Framework Event Dispatcher: Equinox Container: d9f8c996-419b-4fc2-b5cc-8d772e66f621" daemon [_thread_blocked, id=23220, stack(0x0000003c99500000,0x0000003c99600000) (1024K)]
  0x000001b76d5843c0 JavaThread "Start Level: Equinox Container: d9f8c996-419b-4fc2-b5cc-8d772e66f621" daemon [_thread_blocked, id=23196, stack(0x0000003c99700000,0x0000003c99800000) (1024K)]
  0x000001b76da09430 JavaThread "Bundle File Closer"         daemon [_thread_blocked, id=7360, stack(0x0000003c9a600000,0x0000003c9a700000) (1024K)]
  0x000001b7679b3fc0 JavaThread "SCR Component Actor"        daemon [_thread_blocked, id=23708, stack(0x0000003c9a500000,0x0000003c9a600000) (1024K)]
  0x000001b76e226920 JavaThread "C1 CompilerThread1"         daemon [_thread_blocked, id=23740, stack(0x0000003c9ae00000,0x0000003c9af00000) (1024K)]
  0x000001b76d53fc40 JavaThread "Worker-JM"                         [_thread_blocked, id=23884, stack(0x0000003c9aa00000,0x0000003c9ab00000) (1024K)]
  0x000001b76d540ff0 JavaThread "JNA Cleaner"                daemon [_thread_blocked, id=23916, stack(0x0000003c9a800000,0x0000003c9a900000) (1024K)]
  0x000001b76d5402d0 JavaThread "Worker-0"                          [_thread_blocked, id=23868, stack(0x0000003c9ab00000,0x0000003c9ac00000) (1024K)]
  0x000001b76d541d10 JavaThread "Worker-1"                          [_thread_blocked, id=23856, stack(0x0000003c9ac00000,0x0000003c9ad00000) (1024K)]
  0x000001b76e240190 JavaThread "C2 CompilerThread1"         daemon [_thread_in_native, id=23852, stack(0x0000003c9ad00000,0x0000003c9ae00000) (1024K)]
  0x000001b76dcf69a0 JavaThread "C1 CompilerThread2"         daemon [_thread_in_vm, id=23788, stack(0x0000003c9af00000,0x0000003c9b000000) (1024K)]
  0x000001b76dd70c70 JavaThread "C1 CompilerThread3"         daemon [_thread_in_vm, id=23808, stack(0x0000003c9b000000,0x0000003c9b100000) (1024K)]
=>0x000001b76f027360 JavaThread "C2 CompilerThread2"         daemon [_thread_in_native, id=23776, stack(0x0000003c9b100000,0x0000003c9b200000) (1024K)]
  0x000001b76d542a30 JavaThread "Java indexing"              daemon [_thread_blocked, id=23768, stack(0x0000003c9b200000,0x0000003c9b300000) (1024K)]
  0x000001b76dc23e50 JavaThread "C2 CompilerThread3"         daemon [_thread_in_native, id=23784, stack(0x0000003c9b300000,0x0000003c9b400000) (1024K)]
  0x000001b76d38a3e0 JavaThread "C2 CompilerThread4"         daemon [_thread_in_native, id=23956, stack(0x0000003c9b400000,0x0000003c9b500000) (1024K)]
  0x000001b76d5423a0 JavaThread "Worker-2"                          [_thread_blocked, id=24084, stack(0x0000003c9b600000,0x0000003c9b700000) (1024K)]
  0x000001b76d5430c0 JavaThread "Worker-3: Initialize Workspace"        [_thread_in_Java, id=24080, stack(0x0000003c9b700000,0x0000003c9b800000) (1024K)]
  0x000001b76d540960 JavaThread "Worker-4"                          [_thread_blocked, id=24060, stack(0x0000003c9b800000,0x0000003c9b900000) (1024K)]
  0x000001b76fd52d10 JavaThread "Thread-1"                   daemon [_thread_in_native, id=24092, stack(0x0000003c9b900000,0x0000003c9ba00000) (1024K)]
  0x000001b76fd53a30 JavaThread "Thread-2"                   daemon [_thread_in_native, id=24088, stack(0x0000003c9ba00000,0x0000003c9bb00000) (1024K)]
  0x000001b76fd55470 JavaThread "Thread-3"                   daemon [_thread_in_native, id=24068, stack(0x0000003c9bb00000,0x0000003c9bc00000) (1024K)]
  0x000001b76fd533a0 JavaThread "Thread-4"                   daemon [_thread_in_native, id=24212, stack(0x0000003c9bc00000,0x0000003c9bd00000) (1024K)]
  0x000001b76fd55b00 JavaThread "Thread-5"                   daemon [_thread_in_native, id=24208, stack(0x0000003c9bd00000,0x0000003c9be00000) (1024K)]
  0x000001b76fd54de0 JavaThread "Thread-6"                   daemon [_thread_in_native, id=24204, stack(0x0000003c9be00000,0x0000003c9bf00000) (1024K)]
  0x000001b76fd54750 JavaThread "Thread-7"                   daemon [_thread_in_native, id=24152, stack(0x0000003c9bf00000,0x0000003c9c000000) (1024K)]
  0x000001b76fd52680 JavaThread "Thread-8"                   daemon [_thread_in_native, id=24148, stack(0x0000003c9c000000,0x0000003c9c100000) (1024K)]
  0x000001b76fd56190 JavaThread "Thread-9"                   daemon [_thread_in_native, id=24144, stack(0x0000003c9c100000,0x0000003c9c200000) (1024K)]
  0x000001b76fd56820 JavaThread "Thread-10"                  daemon [_thread_in_native, id=24188, stack(0x0000003c9c200000,0x0000003c9c300000) (1024K)]
  0x000001b76fd56eb0 JavaThread "Thread-11"                  daemon [_thread_in_native, id=24184, stack(0x0000003c9c300000,0x0000003c9c400000) (1024K)]
  0x000001b76fd57540 JavaThread "Thread-12"                  daemon [_thread_in_native, id=24200, stack(0x0000003c9c400000,0x0000003c9c500000) (1024K)]
  0x000001b76fd588f0 JavaThread "Thread-13"                  daemon [_thread_in_native, id=24196, stack(0x0000003c9c500000,0x0000003c9c600000) (1024K)]
  0x000001b76fd540c0 JavaThread "Thread-14"                  daemon [_thread_in_native, id=24192, stack(0x0000003c9c600000,0x0000003c9c700000) (1024K)]
  0x000001b76fd59ca0 JavaThread "Thread-15"                  daemon [_thread_in_native, id=24044, stack(0x0000003c9c700000,0x0000003c9c800000) (1024K)]
  0x000001b76fd57bd0 JavaThread "Thread-16"                  daemon [_thread_in_native, id=24128, stack(0x0000003c9c800000,0x0000003c9c900000) (1024K)]
  0x000001b76fd58260 JavaThread "Thread-17"                  daemon [_thread_in_native, id=24124, stack(0x0000003c9c900000,0x0000003c9ca00000) (1024K)]
  0x000001b76fd58f80 JavaThread "pool-2-thread-1"                   [_thread_blocked, id=24040, stack(0x0000003c9ca00000,0x0000003c9cb00000) (1024K)]
  0x000001b7679d2710 JavaThread "C2 CompilerThread5"         daemon [_thread_in_vm, id=24120, stack(0x0000003c9cb00000,0x0000003c9cc00000) (1024K)]
  0x000001b76da95f30 JavaThread "C2 CompilerThread6"         daemon [_thread_in_native, id=24064, stack(0x0000003c9cc00000,0x0000003c9cd00000) (1024K)]
  0x000001b76d683ae0 JavaThread "C2 CompilerThread7"         daemon [_thread_in_native, id=24140, stack(0x0000003c9cd00000,0x0000003c9ce00000) (1024K)]
  0x000001b76fd59610 JavaThread "WorkspaceEventsHandler"            [_thread_blocked, id=24136, stack(0x0000003c9ce00000,0x0000003c9cf00000) (1024K)]
  0x000001b76f625190 JavaThread "pool-1-thread-1"                   [_thread_blocked, id=24132, stack(0x0000003c9cf00000,0x0000003c9d000000) (1024K)]
  0x000001b76f626540 JavaThread "ForkJoinPool.commonPool-worker-1" daemon [_thread_blocked, id=24180, stack(0x0000003c9d000000,0x0000003c9d100000) (1024K)]
  0x000001b76f6278f0 JavaThread "ForkJoinPool.commonPool-worker-2" daemon [_thread_blocked, id=24176, stack(0x0000003c9d100000,0x0000003c9d200000) (1024K)]
  0x000001b76f625eb0 JavaThread "ForkJoinPool.commonPool-worker-3" daemon [_thread_blocked, id=24036, stack(0x0000003c9d200000,0x0000003c9d300000) (1024K)]
  0x000001b76f627260 JavaThread "ForkJoinPool.commonPool-worker-4" daemon [_thread_blocked, id=24112, stack(0x0000003c9d300000,0x0000003c9d400000) (1024K)]
  0x000001b76f624b00 JavaThread "ForkJoinPool.commonPool-worker-5" daemon [_thread_blocked, id=24100, stack(0x0000003c9d400000,0x0000003c9d500000) (1024K)]
  0x000001b76f627f80 JavaThread "ForkJoinPool.commonPool-worker-6" daemon [_thread_blocked, id=24096, stack(0x0000003c9d500000,0x0000003c9d600000) (1024K)]
  0x000001b76f625820 JavaThread "ForkJoinPool.commonPool-worker-7" daemon [_thread_blocked, id=24048, stack(0x0000003c9d600000,0x0000003c9d700000) (1024K)]
  0x000001b773b3eac0 JavaThread "ForkJoinPool.commonPool-worker-8" daemon [_thread_blocked, id=24032, stack(0x0000003c9d700000,0x0000003c9d800000) (1024K)]
  0x000001b773b3f150 JavaThread "ForkJoinPool.commonPool-worker-9" daemon [_thread_blocked, id=24168, stack(0x0000003c9d800000,0x0000003c9d900000) (1024K)]
  0x000001b773b3f7e0 JavaThread "ForkJoinPool.commonPool-worker-10" daemon [_thread_blocked, id=24156, stack(0x0000003c9d900000,0x0000003c9da00000) (1024K)]
  0x000001b773b3d710 JavaThread "ForkJoinPool.commonPool-worker-11" daemon [_thread_blocked, id=24160, stack(0x0000003c9da00000,0x0000003c9db00000) (1024K)]
  0x000001b773b3dda0 JavaThread "ForkJoinPool.commonPool-worker-12" daemon [_thread_blocked, id=24172, stack(0x0000003c9db00000,0x0000003c9dc00000) (1024K)]
  0x000001b773b3e430 JavaThread "ForkJoinPool.commonPool-worker-13" daemon [_thread_blocked, id=24028, stack(0x0000003c9dc00000,0x0000003c9dd00000) (1024K)]
  0x000001b773b3d080 JavaThread "ForkJoinPool.commonPool-worker-14" daemon [_thread_blocked, id=24224, stack(0x0000003c9dd00000,0x0000003c9de00000) (1024K)]
  0x000001b773b3fe70 JavaThread "ForkJoinPool.commonPool-worker-15" daemon [_thread_blocked, id=24220, stack(0x0000003c9de00000,0x0000003c9df00000) (1024K)]
Total: 70

Other Threads:
  0x000001b70e6eeb00 VMThread "VM Thread"                           [id=22976, stack(0x0000003c98b00000,0x0000003c98c00000) (1024K)]
  0x000001b7660dca00 WatcherThread "VM Periodic Task Thread"        [id=23088, stack(0x0000003c98a00000,0x0000003c98b00000) (1024K)]
  0x000001b70e649cd0 WorkerThread "GC Thread#0"                     [id=22904, stack(0x0000003c98900000,0x0000003c98a00000) (1024K)]
  0x000001b76d6bf8d0 WorkerThread "GC Thread#1"                     [id=23348, stack(0x0000003c99b00000,0x0000003c99c00000) (1024K)]
  0x000001b76d6bfc70 WorkerThread "GC Thread#2"                     [id=22536, stack(0x0000003c99c00000,0x0000003c99d00000) (1024K)]
  0x000001b76d7171e0 WorkerThread "GC Thread#3"                     [id=22548, stack(0x0000003c99d00000,0x0000003c99e00000) (1024K)]
  0x000001b76d717580 WorkerThread "GC Thread#4"                     [id=22648, stack(0x0000003c99e00000,0x0000003c99f00000) (1024K)]
  0x000001b76d3238d0 WorkerThread "GC Thread#5"                     [id=22620, stack(0x0000003c99f00000,0x0000003c9a000000) (1024K)]
  0x000001b76d323c70 WorkerThread "GC Thread#6"                     [id=23540, stack(0x0000003c9a000000,0x0000003c9a100000) (1024K)]
  0x000001b76dd460b0 WorkerThread "GC Thread#7"                     [id=4812, stack(0x0000003c9a400000,0x0000003c9a500000) (1024K)]
  0x000001b76d0ba6f0 WorkerThread "GC Thread#8"                     [id=16532, stack(0x0000003c99a00000,0x0000003c99b00000) (1024K)]
  0x000001b76d0baa90 WorkerThread "GC Thread#9"                     [id=22864, stack(0x0000003c9a100000,0x0000003c9a200000) (1024K)]
  0x000001b76da558d0 WorkerThread "GC Thread#10"                    [id=23284, stack(0x0000003c9a200000,0x0000003c9a300000) (1024K)]
  0x000001b76da55c70 WorkerThread "GC Thread#11"                    [id=23696, stack(0x0000003c9a700000,0x0000003c9a800000) (1024K)]
  0x000001b76da56750 WorkerThread "GC Thread#12"                    [id=23908, stack(0x0000003c9a900000,0x0000003c9aa00000) (1024K)]
Total: 15

Threads with active compile tasks:
C2 CompilerThread0  29450 7252       4       java.util.Spliterators$ArraySpliterator::forEachRemaining (68 bytes)
C1 CompilerThread1  29450 7270       3       com.google.common.cache.LocalCache$Segment::copyEntry (88 bytes)
C2 CompilerThread1  29450 7202   !   4       com.google.inject.spi.InjectionPoint::getInjectionPoints (489 bytes)
C2 CompilerThread2  29450 7086       4       java.util.regex.Pattern::newSlice (181 bytes)
C2 CompilerThread3  29450 7149   !   4       java.util.zip.ZipFile::getInputStream (275 bytes)
C2 CompilerThread4  29451 7111       4       org.codehaus.plexus.util.xml.pull.MXParser::parseStartTag (1205 bytes)
C2 CompilerThread5  29451 7264       4       java.lang.Class::copyMethods (36 bytes)
C2 CompilerThread6  29451 6861   !   4       org.eclipse.osgi.internal.loader.classpath.ClasspathManager::defineClass (636 bytes)
C2 CompilerThread7  29451 7201       4       java.util.stream.SortedOps$SizedRefSortingSink::end (129 bytes)
Total: 9

VM state: not at safepoint (normal execution)

VM Mutex/Monitor currently owned by a thread: None

Heap address: 0x0000000080000000, size: 2048 MB, Compressed Oops mode: 32-bit

CDS archive(s) mapped at: [0x000001b725000000-0x000001b725ba0000-0x000001b725ba0000), size 12189696, SharedBaseAddress: 0x000001b725000000, ArchiveRelocationMode: 1.
Compressed class space mapped at: 0x000001b726000000-0x000001b766000000, reserved size: 1073741824
Narrow klass base: 0x000001b725000000, Narrow klass shift: 0, Narrow klass range: 0x100000000

GC Precious Log:
 CardTable entry size: 512
 CPUs: 16 total, 16 available
 Memory: 19724M
 Large Page Support: Disabled
 NUMA Support: Disabled
 Compressed Oops: Enabled (32-bit)
 Alignments: Space 512K, Generation 512K, Heap 2M
 Heap Min Capacity: 100M
 Heap Initial Capacity: 100M
 Heap Max Capacity: 2G
 Pre-touch: Disabled
 Parallel Workers: 13

Heap:
 PSYoungGen      total 23040K, used 3493K [0x00000000d5580000, 0x00000000d7680000, 0x0000000100000000)
  eden space 22016K, 11% used [0x00000000d5580000,0x00000000d5813218,0x00000000d6b00000)
  from space 1024K, 83% used [0x00000000d7580000,0x00000000d76565e0,0x00000000d7680000)
  to   space 1536K, 0% used [0x00000000d7380000,0x00000000d7380000,0x00000000d7500000)
 ParOldGen       total 68608K, used 35272K [0x0000000080000000, 0x0000000084300000, 0x00000000d5580000)
  object space 68608K, 51% used [0x0000000080000000,0x0000000082272288,0x0000000084300000)
 Metaspace       used 47228K, committed 48512K, reserved 1114112K
  class space    used 5127K, committed 5696K, reserved 1048576K

Card table byte_map: [0x000001b70dfe0000,0x000001b70e3f0000] _byte_map_base: 0x000001b70dbe0000

Marking Bits: (ParMarkBitMap*) 0x00007ffc15bd2460
 Begin Bits: [0x000001b720ae0000, 0x000001b722ae0000)
 End Bits:   [0x000001b722ae0000, 0x000001b724ae0000)

Polling page: 0x000001b70c4f0000

Metaspace:

Usage:
  Non-class:     41.12 MB used.
      Class:      5.01 MB used.
       Both:     46.12 MB used.

Virtual space:
  Non-class space:       64.00 MB reserved,      41.81 MB ( 65%) committed,  1 nodes.
      Class space:        1.00 GB reserved,       5.56 MB ( <1%) committed,  1 nodes.
             Both:        1.06 GB reserved,      47.38 MB (  4%) committed. 

Chunk freelists:
   Non-Class:  6.11 MB
       Class:  10.43 MB
        Both:  16.54 MB

MaxMetaspaceSize: unlimited
CompressedClassSpaceSize: 1.00 GB
Initial GC threshold: 21.00 MB
Current GC threshold: 58.38 MB
CDS: on
 - commit_granule_bytes: 65536.
 - commit_granule_words: 8192.
 - virtual_space_node_default_size: 8388608.
 - enlarge_chunks_in_place: 1.
 - use_allocation_guard: 0.


Internal statistics:

num_allocs_failed_limit: 6.
num_arena_births: 982.
num_arena_deaths: 14.
num_vsnodes_births: 2.
num_vsnodes_deaths: 0.
num_space_committed: 758.
num_space_uncommitted: 0.
num_chunks_returned_to_freelist: 20.
num_chunks_taken_from_freelist: 3138.
num_chunk_merges: 6.
num_chunk_splits: 1920.
num_chunks_enlarged: 1061.
num_inconsistent_stats: 0.

CodeHeap 'non-profiled nmethods': size=119168Kb used=3725Kb max_used=3725Kb free=115442Kb
 bounds [0x000001b7193d0000, 0x000001b719780000, 0x000001b720830000]
CodeHeap 'profiled nmethods': size=119104Kb used=14275Kb max_used=14275Kb free=104828Kb
 bounds [0x000001b711830000, 0x000001b712630000, 0x000001b718c80000]
CodeHeap 'non-nmethods': size=7488Kb used=3055Kb max_used=3127Kb free=4433Kb
 bounds [0x000001b718c80000, 0x000001b718ff0000, 0x000001b7193d0000]
CodeCache: size=245760Kb, used=21055Kb, max_used=21127Kb, free=224703Kb
 total_blobs=7352, nmethods=6684, adapters=571, full_count=0
Compilation: enabled, stopped_count=0, restarted_count=0

Compilation events (20 events):
Event: 29.271 Thread 0x000001b7679d2710 7083 %     4       sun.nio.fs.WindowsPath::compareTo @ 49 (118 bytes)
Event: 29.277 Thread 0x000001b76e226920 7084       3       java.nio.file.SimpleFileVisitor::visitFile (14 bytes)
Event: 29.277 Thread 0x000001b76e226920 nmethod 7084 0x000001b7125b9810 code [0x000001b7125b99e0, 0x000001b7125b9d98]
Event: 29.278 Thread 0x000001b76e240190 nmethod 7080 0x000001b719755690 code [0x000001b719755a00, 0x000001b719756680]
Event: 29.280 Thread 0x000001b7679d2710 nmethod 7083% 0x000001b719757090 code [0x000001b719757260, 0x000001b719757640]
Event: 29.296 Thread 0x000001b76d38a3e0 7085       4       java.util.regex.Pattern::atom (422 bytes)
Event: 29.296 Thread 0x000001b76f027360 7086       4       java.util.regex.Pattern::newSlice (181 bytes)
Event: 29.301 Thread 0x000001b7676a4980 7087       4       sun.nio.fs.Globs::toRegexPattern (745 bytes)
Event: 29.302 Thread 0x000001b76dc23e50 7088       4       sun.nio.fs.WindowsPath::compareTo (118 bytes)
Event: 29.305 Thread 0x000001b76dd70c70 7089       3       java.nio.MappedByteBuffer::position (6 bytes)
Event: 29.306 Thread 0x000001b76dd70c70 nmethod 7089 0x000001b7125b9f10 code [0x000001b7125ba0c0, 0x000001b7125ba2d0]
Event: 29.307 Thread 0x000001b76dcf69a0 7090       1       org.eclipse.core.internal.dtree.DataDeltaNode::isDelta (2 bytes)
Event: 29.307 Thread 0x000001b76dcf69a0 nmethod 7090 0x000001b719757a10 code [0x000001b719757ba0, 0x000001b719757c68]
Event: 29.307 Thread 0x000001b76e226920 7091       3       java.util.regex.Pattern$SliceU::match (99 bytes)
Event: 29.307 Thread 0x000001b76e240190 7092       4       java.lang.Character::toUpperCase (9 bytes)
Event: 29.307 Thread 0x000001b76dd70c70 7093       3       java.util.regex.Pattern::append (43 bytes)
Event: 29.308 Thread 0x000001b76e226920 nmethod 7091 0x000001b7125ba410 code [0x000001b7125ba640, 0x000001b7125badb8]
Event: 29.308 Thread 0x000001b76dd70c70 nmethod 7093 0x000001b7125bb090 code [0x000001b7125bb260, 0x000001b7125bb5f8]
Event: 29.309 Thread 0x000001b76e240190 nmethod 7092 0x000001b719757d10 code [0x000001b719757ea0, 0x000001b719757f98]
Event: 29.310 Thread 0x000001b76dc23e50 nmethod 7088 0x000001b719758090 code [0x000001b719758260, 0x000001b7197585f0]

GC Heap History (20 events):
Event: 26.575 GC heap before
{Heap before GC invocations=12 (full 1):
 PSYoungGen      total 25600K, used 25115K [0x00000000d5580000, 0x00000000d7380000, 0x0000000100000000)
  eden space 23040K, 100% used [0x00000000d5580000,0x00000000d6c00000,0x00000000d6c00000)
  from space 2560K, 81% used [0x00000000d7100000,0x00000000d7306da0,0x00000000d7380000)
  to   space 2560K, 0% used [0x00000000d6e80000,0x00000000d6e80000,0x00000000d7100000)
 ParOldGen       total 68608K, used 14549K [0x0000000080000000, 0x0000000084300000, 0x00000000d5580000)
  object space 68608K, 21% used [0x0000000080000000,0x0000000080e354a0,0x0000000084300000)
 Metaspace       used 31179K, committed 32256K, reserved 1114112K
  class space    used 3124K, committed 3584K, reserved 1048576K
}
Event: 26.578 GC heap after
{Heap after GC invocations=12 (full 1):
 PSYoungGen      total 24576K, used 1736K [0x00000000d5580000, 0x00000000d7180000, 0x0000000100000000)
  eden space 22528K, 0% used [0x00000000d5580000,0x00000000d5580000,0x00000000d6b80000)
  from space 2048K, 84% used [0x00000000d6e80000,0x00000000d70321d8,0x00000000d7080000)
  to   space 1024K, 0% used [0x00000000d7080000,0x00000000d7080000,0x00000000d7180000)
 ParOldGen       total 68608K, used 16454K [0x0000000080000000, 0x0000000084300000, 0x00000000d5580000)
  object space 68608K, 23% used [0x0000000080000000,0x0000000081011a88,0x0000000084300000)
 Metaspace       used 31179K, committed 32256K, reserved 1114112K
  class space    used 3124K, committed 3584K, reserved 1048576K
}
Event: 26.709 GC heap before
{Heap before GC invocations=13 (full 1):
 PSYoungGen      total 24576K, used 24264K [0x00000000d5580000, 0x00000000d7180000, 0x0000000100000000)
  eden space 22528K, 100% used [0x00000000d5580000,0x00000000d6b80000,0x00000000d6b80000)
  from space 2048K, 84% used [0x00000000d6e80000,0x00000000d70321d8,0x00000000d7080000)
  to   space 1024K, 0% used [0x00000000d7080000,0x00000000d7080000,0x00000000d7180000)
 ParOldGen       total 68608K, used 16454K [0x0000000080000000, 0x0000000084300000, 0x00000000d5580000)
  object space 68608K, 23% used [0x0000000080000000,0x0000000081011a88,0x0000000084300000)
 Metaspace       used 34176K, committed 35200K, reserved 1114112K
  class space    used 3485K, committed 3904K, reserved 1048576K
}
Event: 26.712 GC heap after
{Heap after GC invocations=13 (full 1):
 PSYoungGen      total 23040K, used 1019K [0x00000000d5580000, 0x00000000d7200000, 0x0000000100000000)
  eden space 22016K, 0% used [0x00000000d5580000,0x00000000d5580000,0x00000000d6b00000)
  from space 1024K, 99% used [0x00000000d7080000,0x00000000d717eeb0,0x00000000d7180000)
  to   space 3584K, 0% used [0x00000000d6b00000,0x00000000d6b00000,0x00000000d6e80000)
 ParOldGen       total 68608K, used 18606K [0x0000000080000000, 0x0000000084300000, 0x00000000d5580000)
  object space 68608K, 27% used [0x0000000080000000,0x000000008122b898,0x0000000084300000)
 Metaspace       used 34176K, committed 35200K, reserved 1114112K
  class space    used 3485K, committed 3904K, reserved 1048576K
}
Event: 26.748 GC heap before
{Heap before GC invocations=14 (full 1):
 PSYoungGen      total 23040K, used 6526K [0x00000000d5580000, 0x00000000d7200000, 0x0000000100000000)
  eden space 22016K, 25% used [0x00000000d5580000,0x00000000d5ae0968,0x00000000d6b00000)
  from space 1024K, 99% used [0x00000000d7080000,0x00000000d717eeb0,0x00000000d7180000)
  to   space 3584K, 0% used [0x00000000d6b00000,0x00000000d6b00000,0x00000000d6e80000)
 ParOldGen       total 68608K, used 18606K [0x0000000080000000, 0x0000000084300000, 0x00000000d5580000)
  object space 68608K, 27% used [0x0000000080000000,0x000000008122b898,0x0000000084300000)
 Metaspace       used 34732K, committed 35840K, reserved 1114112K
  class space    used 3556K, committed 4032K, reserved 1048576K
}
Event: 26.750 GC heap after
{Heap after GC invocations=14 (full 1):
 PSYoungGen      total 25600K, used 608K [0x00000000d5580000, 0x00000000d7100000, 0x0000000100000000)
  eden space 22016K, 0% used [0x00000000d5580000,0x00000000d5580000,0x00000000d6b00000)
  from space 3584K, 16% used [0x00000000d6b00000,0x00000000d6b98000,0x00000000d6e80000)
  to   space 2048K, 0% used [0x00000000d6f00000,0x00000000d6f00000,0x00000000d7100000)
 ParOldGen       total 68608K, used 19604K [0x0000000080000000, 0x0000000084300000, 0x00000000d5580000)
  object space 68608K, 28% used [0x0000000080000000,0x0000000081325198,0x0000000084300000)
 Metaspace       used 34732K, committed 35840K, reserved 1114112K
  class space    used 3556K, committed 4032K, reserved 1048576K
}
Event: 26.750 GC heap before
{Heap before GC invocations=15 (full 2):
 PSYoungGen      total 25600K, used 608K [0x00000000d5580000, 0x00000000d7100000, 0x0000000100000000)
  eden space 22016K, 0% used [0x00000000d5580000,0x00000000d5580000,0x00000000d6b00000)
  from space 3584K, 16% used [0x00000000d6b00000,0x00000000d6b98000,0x00000000d6e80000)
  to   space 2048K, 0% used [0x00000000d6f00000,0x00000000d6f00000,0x00000000d7100000)
 ParOldGen       total 68608K, used 19604K [0x0000000080000000, 0x0000000084300000, 0x00000000d5580000)
  object space 68608K, 28% used [0x0000000080000000,0x0000000081325198,0x0000000084300000)
 Metaspace       used 34732K, committed 35840K, reserved 1114112K
  class space    used 3556K, committed 4032K, reserved 1048576K
}
Event: 26.790 GC heap after
{Heap after GC invocations=15 (full 2):
 PSYoungGen      total 25600K, used 0K [0x00000000d5580000, 0x00000000d7100000, 0x0000000100000000)
  eden space 22016K, 0% used [0x00000000d5580000,0x00000000d5580000,0x00000000d6b00000)
  from space 3584K, 0% used [0x00000000d6b00000,0x00000000d6b00000,0x00000000d6e80000)
  to   space 2048K, 0% used [0x00000000d6f00000,0x00000000d6f00000,0x00000000d7100000)
 ParOldGen       total 68608K, used 18973K [0x0000000080000000, 0x0000000084300000, 0x00000000d5580000)
  object space 68608K, 27% used [0x0000000080000000,0x0000000081287670,0x0000000084300000)
 Metaspace       used 34732K, committed 35840K, reserved 1114112K
  class space    used 3556K, committed 4032K, reserved 1048576K
}
Event: 27.095 GC heap before
{Heap before GC invocations=16 (full 2):
 PSYoungGen      total 25600K, used 22016K [0x00000000d5580000, 0x00000000d7100000, 0x0000000100000000)
  eden space 22016K, 100% used [0x00000000d5580000,0x00000000d6b00000,0x00000000d6b00000)
  from space 3584K, 0% used [0x00000000d6b00000,0x00000000d6b00000,0x00000000d6e80000)
  to   space 2048K, 0% used [0x00000000d6f00000,0x00000000d6f00000,0x00000000d7100000)
 ParOldGen       total 68608K, used 18973K [0x0000000080000000, 0x0000000084300000, 0x00000000d5580000)
  object space 68608K, 27% used [0x0000000080000000,0x0000000081287670,0x0000000084300000)
 Metaspace       used 36577K, committed 37696K, reserved 1114112K
  class space    used 3831K, committed 4288K, reserved 1048576K
}
Event: 27.097 GC heap after
{Heap after GC invocations=16 (full 2):
 PSYoungGen      total 24064K, used 2045K [0x00000000d5580000, 0x00000000d7100000, 0x0000000100000000)
  eden space 22016K, 0% used [0x00000000d5580000,0x00000000d5580000,0x00000000d6b00000)
  from space 2048K, 99% used [0x00000000d6f00000,0x00000000d70ff600,0x00000000d7100000)
  to   space 3072K, 0% used [0x00000000d6b00000,0x00000000d6b00000,0x00000000d6e00000)
 ParOldGen       total 68608K, used 19245K [0x0000000080000000, 0x0000000084300000, 0x00000000d5580000)
  object space 68608K, 28% used [0x0000000080000000,0x00000000812cb680,0x0000000084300000)
 Metaspace       used 36577K, committed 37696K, reserved 1114112K
  class space    used 3831K, committed 4288K, reserved 1048576K
}
Event: 27.326 GC heap before
{Heap before GC invocations=17 (full 2):
 PSYoungGen      total 24064K, used 24013K [0x00000000d5580000, 0x00000000d7100000, 0x0000000100000000)
  eden space 22016K, 99% used [0x00000000d5580000,0x00000000d6af3ee8,0x00000000d6b00000)
  from space 2048K, 99% used [0x00000000d6f00000,0x00000000d70ff600,0x00000000d7100000)
  to   space 3072K, 0% used [0x00000000d6b00000,0x00000000d6b00000,0x00000000d6e00000)
 ParOldGen       total 68608K, used 19245K [0x0000000080000000, 0x0000000084300000, 0x00000000d5580000)
  object space 68608K, 28% used [0x0000000080000000,0x00000000812cb680,0x0000000084300000)
 Metaspace       used 38576K, committed 39680K, reserved 1114112K
  class space    used 4056K, committed 4544K, reserved 1048576K
}
Event: 27.331 GC heap after
{Heap after GC invocations=17 (full 2):
 PSYoungGen      total 23552K, used 1392K [0x00000000d5580000, 0x00000000d6f80000, 0x0000000100000000)
  eden space 22016K, 0% used [0x00000000d5580000,0x00000000d5580000,0x00000000d6b00000)
  from space 1536K, 90% used [0x00000000d6b00000,0x00000000d6c5c000,0x00000000d6c80000)
  to   space 2048K, 0% used [0x00000000d6d80000,0x00000000d6d80000,0x00000000d6f80000)
 ParOldGen       total 68608K, used 21193K [0x0000000080000000, 0x0000000084300000, 0x00000000d5580000)
  object space 68608K, 30% used [0x0000000080000000,0x00000000814b2508,0x0000000084300000)
 Metaspace       used 38576K, committed 39680K, reserved 1114112K
  class space    used 4056K, committed 4544K, reserved 1048576K
}
Event: 27.699 GC heap before
{Heap before GC invocations=18 (full 2):
 PSYoungGen      total 23552K, used 23408K [0x00000000d5580000, 0x00000000d6f80000, 0x0000000100000000)
  eden space 22016K, 100% used [0x00000000d5580000,0x00000000d6b00000,0x00000000d6b00000)
  from space 1536K, 90% used [0x00000000d6b00000,0x00000000d6c5c000,0x00000000d6c80000)
  to   space 2048K, 0% used [0x00000000d6d80000,0x00000000d6d80000,0x00000000d6f80000)
 ParOldGen       total 68608K, used 21193K [0x0000000080000000, 0x0000000084300000, 0x00000000d5580000)
  object space 68608K, 30% used [0x0000000080000000,0x00000000814b2508,0x0000000084300000)
 Metaspace       used 40191K, committed 41408K, reserved 1114112K
  class space    used 4249K, committed 4800K, reserved 1048576K
}
Event: 27.701 GC heap after
{Heap after GC invocations=18 (full 2):
 PSYoungGen      total 24064K, used 1792K [0x00000000d5580000, 0x00000000d6f80000, 0x0000000100000000)
  eden space 22016K, 0% used [0x00000000d5580000,0x00000000d5580000,0x00000000d6b00000)
  from space 2048K, 87% used [0x00000000d6d80000,0x00000000d6f40000,0x00000000d6f80000)
  to   space 2048K, 0% used [0x00000000d6b80000,0x00000000d6b80000,0x00000000d6d80000)
 ParOldGen       total 68608K, used 21985K [0x0000000080000000, 0x0000000084300000, 0x00000000d5580000)
  object space 68608K, 32% used [0x0000000080000000,0x0000000081578518,0x0000000084300000)
 Metaspace       used 40191K, committed 41408K, reserved 1114112K
  class space    used 4249K, committed 4800K, reserved 1048576K
}
Event: 27.853 GC heap before
{Heap before GC invocations=19 (full 2):
 PSYoungGen      total 24064K, used 23808K [0x00000000d5580000, 0x00000000d6f80000, 0x0000000100000000)
  eden space 22016K, 100% used [0x00000000d5580000,0x00000000d6b00000,0x00000000d6b00000)
  from space 2048K, 87% used [0x00000000d6d80000,0x00000000d6f40000,0x00000000d6f80000)
  to   space 2048K, 0% used [0x00000000d6b80000,0x00000000d6b80000,0x00000000d6d80000)
 ParOldGen       total 68608K, used 21985K [0x0000000080000000, 0x0000000084300000, 0x00000000d5580000)
  object space 68608K, 32% used [0x0000000080000000,0x0000000081578518,0x0000000084300000)
 Metaspace       used 41238K, committed 42432K, reserved 1114112K
  class space    used 4374K, committed 4928K, reserved 1048576K
}
Event: 27.857 GC heap after
{Heap after GC invocations=19 (full 2):
 PSYoungGen      total 24064K, used 2034K [0x00000000d5580000, 0x00000000d8400000, 0x0000000100000000)
  eden space 22016K, 0% used [0x00000000d5580000,0x00000000d5580000,0x00000000d6b00000)
  from space 2048K, 99% used [0x00000000d6b80000,0x00000000d6d7c880,0x00000000d6d80000)
  to   space 12800K, 0% used [0x00000000d7780000,0x00000000d7780000,0x00000000d8400000)
 ParOldGen       total 68608K, used 30770K [0x0000000080000000, 0x0000000084300000, 0x00000000d5580000)
  object space 68608K, 44% used [0x0000000080000000,0x0000000081e0c968,0x0000000084300000)
 Metaspace       used 41238K, committed 42432K, reserved 1114112K
  class space    used 4374K, committed 4928K, reserved 1048576K
}
Event: 28.322 GC heap before
{Heap before GC invocations=20 (full 2):
 PSYoungGen      total 24064K, used 24050K [0x00000000d5580000, 0x00000000d8400000, 0x0000000100000000)
  eden space 22016K, 100% used [0x00000000d5580000,0x00000000d6b00000,0x00000000d6b00000)
  from space 2048K, 99% used [0x00000000d6b80000,0x00000000d6d7c880,0x00000000d6d80000)
  to   space 12800K, 0% used [0x00000000d7780000,0x00000000d7780000,0x00000000d8400000)
 ParOldGen       total 68608K, used 30770K [0x0000000080000000, 0x0000000084300000, 0x00000000d5580000)
  object space 68608K, 44% used [0x0000000080000000,0x0000000081e0c968,0x0000000084300000)
 Metaspace       used 43738K, committed 44928K, reserved 1114112K
  class space    used 4698K, committed 5248K, reserved 1048576K
}
Event: 28.324 GC heap after
{Heap after GC invocations=20 (full 2):
 PSYoungGen      total 23552K, used 1344K [0x00000000d5580000, 0x00000000d7900000, 0x0000000100000000)
  eden space 22016K, 0% used [0x00000000d5580000,0x00000000d5580000,0x00000000d6b00000)
  from space 1536K, 87% used [0x00000000d7780000,0x00000000d78d0000,0x00000000d7900000)
  to   space 5120K, 0% used [0x00000000d6f00000,0x00000000d6f00000,0x00000000d7400000)
 ParOldGen       total 68608K, used 32866K [0x0000000080000000, 0x0000000084300000, 0x00000000d5580000)
  object space 68608K, 47% used [0x0000000080000000,0x0000000082018bd8,0x0000000084300000)
 Metaspace       used 43738K, committed 44928K, reserved 1114112K
  class space    used 4698K, committed 5248K, reserved 1048576K
}
Event: 28.826 GC heap before
{Heap before GC invocations=21 (full 2):
 PSYoungGen      total 23552K, used 23360K [0x00000000d5580000, 0x00000000d7900000, 0x0000000100000000)
  eden space 22016K, 100% used [0x00000000d5580000,0x00000000d6b00000,0x00000000d6b00000)
  from space 1536K, 87% used [0x00000000d7780000,0x00000000d78d0000,0x00000000d7900000)
  to   space 5120K, 0% used [0x00000000d6f00000,0x00000000d6f00000,0x00000000d7400000)
 ParOldGen       total 68608K, used 32866K [0x0000000080000000, 0x0000000084300000, 0x00000000d5580000)
  object space 68608K, 47% used [0x0000000080000000,0x0000000082018bd8,0x0000000084300000)
 Metaspace       used 46094K, committed 47296K, reserved 1114112K
  class space    used 5004K, committed 5568K, reserved 1048576K
}
Event: 28.828 GC heap after
{Heap after GC invocations=21 (full 2):
 PSYoungGen      total 27136K, used 1600K [0x00000000d5580000, 0x00000000d7800000, 0x0000000100000000)
  eden space 22016K, 0% used [0x00000000d5580000,0x00000000d5580000,0x00000000d6b00000)
  from space 5120K, 31% used [0x00000000d6f00000,0x00000000d7090000,0x00000000d7400000)
  to   space 2560K, 0% used [0x00000000d7580000,0x00000000d7580000,0x00000000d7800000)
 ParOldGen       total 68608K, used 33938K [0x0000000080000000, 0x0000000084300000, 0x00000000d5580000)
  object space 68608K, 49% used [0x0000000080000000,0x0000000082124bd8,0x0000000084300000)
 Metaspace       used 46094K, committed 47296K, reserved 1114112K
  class space    used 5004K, committed 5568K, reserved 1048576K
}

Dll operation events (10 events):
Event: 0.015 Loaded shared library c:\Users\Angel\.vscode\extensions\redhat.java-1.49.0-win32-x64\jre\21.0.9-win32-x86_64\bin\java.dll
Event: 0.113 Loaded shared library c:\Users\Angel\.vscode\extensions\redhat.java-1.49.0-win32-x64\jre\21.0.9-win32-x86_64\bin\zip.dll
Event: 0.145 Loaded shared library C:\Users\Angel\.vscode\extensions\redhat.java-1.49.0-win32-x64\jre\21.0.9-win32-x86_64\bin\instrument.dll
Event: 0.154 Loaded shared library C:\Users\Angel\.vscode\extensions\redhat.java-1.49.0-win32-x64\jre\21.0.9-win32-x86_64\bin\net.dll
Event: 0.158 Loaded shared library C:\Users\Angel\.vscode\extensions\redhat.java-1.49.0-win32-x64\jre\21.0.9-win32-x86_64\bin\nio.dll
Event: 0.165 Loaded shared library C:\Users\Angel\.vscode\extensions\redhat.java-1.49.0-win32-x64\jre\21.0.9-win32-x86_64\bin\zip.dll
Event: 0.191 Loaded shared library C:\Users\Angel\.vscode\extensions\redhat.java-1.49.0-win32-x64\jre\21.0.9-win32-x86_64\bin\jimage.dll
Event: 0.305 Loaded shared library c:\Users\Angel\.vscode\extensions\redhat.java-1.49.0-win32-x64\jre\21.0.9-win32-x86_64\bin\verify.dll
Event: 8.868 Loaded shared library C:\Users\Angel\AppData\Roaming\Code\User\globalStorage\redhat.java\1.49.0\config_win\org.eclipse.equinox.launcher\org.eclipse.equinox.launcher.win32.win32.x86_64_1.2.1400.v20250801-0854\eclipse_11916.dll
Event: 24.587 Loaded shared library C:\Users\Angel\AppData\Local\Temp\jna-63408097\jna1680136160422417790.dll

Deoptimization events (20 events):
Event: 29.102 Thread 0x000001b76d5430c0 DEOPT PACKING pc=0x000001b71211c37d sp=0x0000003c9b7fe990
Event: 29.102 Thread 0x000001b76d5430c0 DEOPT UNPACKING pc=0x000001b718cd4242 sp=0x0000003c9b7fde40 mode 0
Event: 29.111 Thread 0x000001b76d5430c0 DEOPT PACKING pc=0x000001b71211c37d sp=0x0000003c9b7fe990
Event: 29.111 Thread 0x000001b76d5430c0 DEOPT UNPACKING pc=0x000001b718cd4242 sp=0x0000003c9b7fde40 mode 0
Event: 29.118 Thread 0x000001b76d5430c0 DEOPT PACKING pc=0x000001b71211c3e5 sp=0x0000003c9b7fe990
Event: 29.118 Thread 0x000001b76d5430c0 DEOPT UNPACKING pc=0x000001b718cd4242 sp=0x0000003c9b7fde40 mode 0
Event: 29.127 Thread 0x000001b76d5430c0 DEOPT PACKING pc=0x000001b71211c3e5 sp=0x0000003c9b7fe990
Event: 29.127 Thread 0x000001b76d5430c0 DEOPT UNPACKING pc=0x000001b718cd4242 sp=0x0000003c9b7fde40 mode 0
Event: 29.169 Thread 0x000001b76d5430c0 DEOPT PACKING pc=0x000001b711bb1c46 sp=0x0000003c9b7fe700
Event: 29.169 Thread 0x000001b76d5430c0 DEOPT UNPACKING pc=0x000001b718cd4242 sp=0x0000003c9b7fdc80 mode 0
Event: 29.302 Thread 0x000001b76d5430c0 DEOPT PACKING pc=0x000001b71259b18b sp=0x0000003c9b7fe840
Event: 29.302 Thread 0x000001b76d5430c0 DEOPT UNPACKING pc=0x000001b718cd4242 sp=0x0000003c9b7fdd28 mode 0
Event: 29.306 Thread 0x000001b76d5430c0 Uncommon trap: trap_request=0xffffff45 fr.pc=0x000001b71972a848 relative=0x00000000000000a8
Event: 29.306 Thread 0x000001b76d5430c0 Uncommon trap: reason=unstable_if action=reinterpret pc=0x000001b71972a848 method=java.util.regex.Pattern.append(II)V @ 9 c2
Event: 29.306 Thread 0x000001b76d5430c0 DEOPT PACKING pc=0x000001b71972a848 sp=0x0000003c9b7fe720
Event: 29.306 Thread 0x000001b76d5430c0 DEOPT UNPACKING pc=0x000001b718cd3aa2 sp=0x0000003c9b7fe6b0 mode 2
Event: 29.306 Thread 0x000001b76d5430c0 Uncommon trap: trap_request=0xffffff45 fr.pc=0x000001b719714b10 relative=0x00000000000001b0
Event: 29.306 Thread 0x000001b76d5430c0 Uncommon trap: reason=unstable_if action=reinterpret pc=0x000001b719714b10 method=java.util.regex.Pattern$SliceU.match(Ljava/util/regex/Matcher;ILjava/lang/CharSequence;)Z @ 18 c2
Event: 29.306 Thread 0x000001b76d5430c0 DEOPT PACKING pc=0x000001b719714b10 sp=0x0000003c9b7fe9f0
Event: 29.306 Thread 0x000001b76d5430c0 DEOPT UNPACKING pc=0x000001b718cd3aa2 sp=0x0000003c9b7fe978 mode 2

Classes loaded (20 events):
Event: 28.996 Loading class java/nio/file/FileTreeWalker$1
Event: 28.996 Loading class java/nio/file/FileTreeWalker$1 done
Event: 28.996 Loading class java/nio/file/FileTreeWalker$DirectoryNode
Event: 28.997 Loading class java/nio/file/FileTreeWalker$DirectoryNode done
Event: 28.997 Loading class java/nio/file/FileTreeWalker$Event
Event: 28.997 Loading class java/nio/file/FileTreeWalker$Event done
Event: 28.997 Loading class java/nio/file/FileTreeWalker$EventType
Event: 28.997 Loading class java/nio/file/FileTreeWalker$EventType done
Event: 28.997 Loading class java/nio/file/Files$3
Event: 28.998 Loading class java/nio/file/Files$3 done
Event: 28.998 Loading class sun/nio/fs/Globs
Event: 28.999 Loading class sun/nio/fs/Globs done
Event: 29.000 Loading class java/util/regex/Pattern$SliceU
Event: 29.000 Loading class java/util/regex/Pattern$SliceU done
Event: 29.000 Loading class sun/nio/fs/WindowsFileSystem$2
Event: 29.000 Loading class java/nio/file/PathMatcher
Event: 29.000 Loading class java/nio/file/PathMatcher done
Event: 29.000 Loading class sun/nio/fs/WindowsFileSystem$2 done
Event: 29.002 Loading class java/nio/file/FileVisitResult
Event: 29.002 Loading class java/nio/file/FileVisitResult done

Classes unloaded (7 events):
Event: 25.259 Thread 0x000001b70e6eeb00 Unloading class 0x000001b7261ad400 'java/lang/invoke/LambdaForm$MH+0x000001b7261ad400'
Event: 25.259 Thread 0x000001b70e6eeb00 Unloading class 0x000001b7261ad000 'java/lang/invoke/LambdaForm$MH+0x000001b7261ad000'
Event: 25.259 Thread 0x000001b70e6eeb00 Unloading class 0x000001b7261acc00 'java/lang/invoke/LambdaForm$MH+0x000001b7261acc00'
Event: 25.259 Thread 0x000001b70e6eeb00 Unloading class 0x000001b7261ac800 'java/lang/invoke/LambdaForm$MH+0x000001b7261ac800'
Event: 25.259 Thread 0x000001b70e6eeb00 Unloading class 0x000001b7261ac400 'java/lang/invoke/LambdaForm$BMH+0x000001b7261ac400'
Event: 25.259 Thread 0x000001b70e6eeb00 Unloading class 0x000001b7261ac000 'java/lang/invoke/LambdaForm$DMH+0x000001b7261ac000'
Event: 25.259 Thread 0x000001b70e6eeb00 Unloading class 0x000001b7261aac00 'java/lang/invoke/LambdaForm$DMH+0x000001b7261aac00'

Classes redefined (0 events):
No events

Internal exceptions (20 events):
Event: 29.297 Thread 0x000001b76d5430c0 Exception <a 'sun/nio/fs/WindowsException'{0x00000000d606fbe0}> (0x00000000d606fbe0) 
thrown [s\src\hotspot\share\prims\jni.cpp, line 520]
Event: 29.297 Thread 0x000001b76d5430c0 Exception <a 'sun/nio/fs/WindowsException'{0x00000000d6070440}> (0x00000000d6070440) 
thrown [s\src\hotspot\share\prims\jni.cpp, line 520]
Event: 29.298 Thread 0x000001b76d5430c0 Exception <a 'sun/nio/fs/WindowsException'{0x00000000d6070ca0}> (0x00000000d6070ca0) 
thrown [s\src\hotspot\share\prims\jni.cpp, line 520]
Event: 29.298 Thread 0x000001b76d5430c0 Exception <a 'sun/nio/fs/WindowsException'{0x00000000d6071518}> (0x00000000d6071518) 
thrown [s\src\hotspot\share\prims\jni.cpp, line 520]
Event: 29.299 Thread 0x000001b76d5430c0 Exception <a 'sun/nio/fs/WindowsException'{0x00000000d6075e40}> (0x00000000d6075e40) 
thrown [s\src\hotspot\share\prims\jni.cpp, line 520]
Event: 29.299 Thread 0x000001b76d5430c0 Exception <a 'sun/nio/fs/WindowsException'{0x00000000d60766b0}> (0x00000000d60766b0) 
thrown [s\src\hotspot\share\prims\jni.cpp, line 520]
Event: 29.299 Thread 0x000001b76d5430c0 Exception <a 'sun/nio/fs/WindowsException'{0x00000000d6076f20}> (0x00000000d6076f20) 
thrown [s\src\hotspot\share\prims\jni.cpp, line 520]
Event: 29.299 Thread 0x000001b76d5430c0 Exception <a 'sun/nio/fs/WindowsException'{0x00000000d60777b0}> (0x00000000d60777b0) 
thrown [s\src\hotspot\share\prims\jni.cpp, line 520]
Event: 29.300 Thread 0x000001b76d5430c0 Exception <a 'sun/nio/fs/WindowsException'{0x00000000d607b890}> (0x00000000d607b890) 
thrown [s\src\hotspot\share\prims\jni.cpp, line 520]
Event: 29.300 Thread 0x000001b76d5430c0 Exception <a 'sun/nio/fs/WindowsException'{0x00000000d607c040}> (0x00000000d607c040) 
thrown [s\src\hotspot\share\prims\jni.cpp, line 520]
Event: 29.300 Thread 0x000001b76d5430c0 Exception <a 'sun/nio/fs/WindowsException'{0x00000000d607c7f0}> (0x00000000d607c7f0) 
thrown [s\src\hotspot\share\prims\jni.cpp, line 520]
Event: 29.300 Thread 0x000001b76d5430c0 Exception <a 'sun/nio/fs/WindowsException'{0x00000000d607cfc0}> (0x00000000d607cfc0) 
thrown [s\src\hotspot\share\prims\jni.cpp, line 520]
Event: 29.302 Thread 0x000001b76d5430c0 Exception <a 'sun/nio/fs/WindowsException'{0x00000000d6080f78}> (0x00000000d6080f78) 
thrown [s\src\hotspot\share\prims\jni.cpp, line 520]
Event: 29.302 Thread 0x000001b76d5430c0 Exception <a 'sun/nio/fs/WindowsException'{0x00000000d6081748}> (0x00000000d6081748) 
thrown [s\src\hotspot\share\prims\jni.cpp, line 520]
Event: 29.302 Thread 0x000001b76d5430c0 Exception <a 'sun/nio/fs/WindowsException'{0x00000000d6081f18}> (0x00000000d6081f18) 
thrown [s\src\hotspot\share\prims\jni.cpp, line 520]
Event: 29.302 Thread 0x000001b76d5430c0 Exception <a 'sun/nio/fs/WindowsException'{0x00000000d6082700}> (0x00000000d6082700) 
thrown [s\src\hotspot\share\prims\jni.cpp, line 520]
Event: 29.303 Thread 0x000001b76d5430c0 Exception <a 'sun/nio/fs/WindowsException'{0x00000000d6086a28}> (0x00000000d6086a28) 
thrown [s\src\hotspot\share\prims\jni.cpp, line 520]
Event: 29.304 Thread 0x000001b76d5430c0 Exception <a 'sun/nio/fs/WindowsException'{0x00000000d6087228}> (0x00000000d6087228) 
thrown [s\src\hotspot\share\prims\jni.cpp, line 520]
Event: 29.304 Thread 0x000001b76d5430c0 Exception <a 'sun/nio/fs/WindowsException'{0x00000000d6087a28}> (0x00000000d6087a28) 
thrown [s\src\hotspot\share\prims\jni.cpp, line 520]
Event: 29.304 Thread 0x000001b76d5430c0 Exception <a 'sun/nio/fs/WindowsException'{0x00000000d6088240}> (0x00000000d6088240) 
thrown [s\src\hotspot\share\prims\jni.cpp, line 520]

ZGC Phase Switch (0 events):
No events

VM Operations (20 events):
Event: 27.325 Executing VM operation: ParallelGCFailedAllocation (Allocation Failure)
Event: 27.331 Executing VM operation: ParallelGCFailedAllocation (Allocation Failure) done
Event: 27.699 Executing VM operation: ParallelGCFailedAllocation (Allocation Failure)
Event: 27.701 Executing VM operation: ParallelGCFailedAllocation (Allocation Failure) done
Event: 27.779 Executing VM operation: HandshakeAllThreads (Deoptimize)
Event: 27.779 Executing VM operation: HandshakeAllThreads (Deoptimize) done
Event: 27.802 Executing VM operation: HandshakeAllThreads (Deoptimize)
Event: 27.803 Executing VM operation: HandshakeAllThreads (Deoptimize) done
Event: 27.853 Executing VM operation: ParallelGCFailedAllocation (Allocation Failure)
Event: 27.857 Executing VM operation: ParallelGCFailedAllocation (Allocation Failure) done
Event: 28.033 Executing VM operation: HandshakeAllThreads (Deoptimize)
Event: 28.033 Executing VM operation: HandshakeAllThreads (Deoptimize) done
Event: 28.322 Executing VM operation: ParallelGCFailedAllocation (Allocation Failure)
Event: 28.324 Executing VM operation: ParallelGCFailedAllocation (Allocation Failure) done
Event: 28.334 Executing VM operation: HandshakeAllThreads (Deoptimize)
Event: 28.334 Executing VM operation: HandshakeAllThreads (Deoptimize) done
Event: 28.774 Executing VM operation: ICBufferFull
Event: 28.775 Executing VM operation: ICBufferFull done
Event: 28.826 Executing VM operation: ParallelGCFailedAllocation (Allocation Failure)
Event: 28.828 Executing VM operation: ParallelGCFailedAllocation (Allocation Failure) done

Memory protections (0 events):
No events

Nmethod flushes (20 events):
Event: 26.770 Thread 0x000001b70e6eeb00 flushing  nmethod 0x000001b711e95e90
Event: 26.770 Thread 0x000001b70e6eeb00 flushing  nmethod 0x000001b711eafd90
Event: 26.770 Thread 0x000001b70e6eeb00 flushing  nmethod 0x000001b711eb1890
Event: 26.770 Thread 0x000001b70e6eeb00 flushing  nmethod 0x000001b711eea010
Event: 26.770 Thread 0x000001b70e6eeb00 flushing  nmethod 0x000001b711eedb10
Event: 26.770 Thread 0x000001b70e6eeb00 flushing  nmethod 0x000001b711eee410
Event: 26.770 Thread 0x000001b70e6eeb00 flushing  nmethod 0x000001b711eef610
Event: 26.770 Thread 0x000001b70e6eeb00 flushing  nmethod 0x000001b711eefe10
Event: 26.770 Thread 0x000001b70e6eeb00 flushing  nmethod 0x000001b711ef0590
Event: 26.770 Thread 0x000001b70e6eeb00 flushing  nmethod 0x000001b711ef1b10
Event: 26.770 Thread 0x000001b70e6eeb00 flushing  nmethod 0x000001b711ef2010
Event: 26.770 Thread 0x000001b70e6eeb00 flushing  nmethod 0x000001b711ef2910
Event: 26.770 Thread 0x000001b70e6eeb00 flushing  nmethod 0x000001b711ef4510
Event: 26.770 Thread 0x000001b70e6eeb00 flushing  nmethod 0x000001b711ef6310
Event: 26.770 Thread 0x000001b70e6eeb00 flushing  nmethod 0x000001b711ef7d90
Event: 26.770 Thread 0x000001b70e6eeb00 flushing  nmethod 0x000001b711f40490
Event: 26.770 Thread 0x000001b70e6eeb00 flushing  nmethod 0x000001b711f43590
Event: 26.770 Thread 0x000001b70e6eeb00 flushing  nmethod 0x000001b711f49d10
Event: 26.770 Thread 0x000001b70e6eeb00 flushing  nmethod 0x000001b71204a410
Event: 26.770 Thread 0x000001b70e6eeb00 flushing  nmethod 0x000001b71204a890

Events (20 events):
Event: 26.812 Thread 0x000001b76e226920 Thread added: 0x000001b7679d2710
Event: 26.814 Thread 0x000001b76dd70c70 Thread added: 0x000001b76da95f30
Event: 26.822 Thread 0x000001b76e226920 Thread added: 0x000001b76d683ae0
Event: 27.246 Thread 0x000001b70e62b410 Thread added: 0x000001b76fd59610
Event: 27.246 Thread 0x000001b70e62b410 Thread added: 0x000001b76f625190
Event: 27.732 Thread 0x000001b76d5402d0 Thread added: 0x000001b76f626540
Event: 27.733 Thread 0x000001b76f626540 Thread added: 0x000001b76f6278f0
Event: 27.733 Thread 0x000001b76d5402d0 Thread added: 0x000001b76f625eb0
Event: 27.733 Thread 0x000001b76f6278f0 Thread added: 0x000001b76f627260
Event: 27.733 Thread 0x000001b76f625eb0 Thread added: 0x000001b76f624b00
Event: 27.734 Thread 0x000001b76f627260 Thread added: 0x000001b76f627f80
Event: 27.734 Thread 0x000001b76f624b00 Thread added: 0x000001b76f625820
Event: 27.734 Thread 0x000001b76f627f80 Thread added: 0x000001b773b3eac0
Event: 27.735 Thread 0x000001b76f625820 Thread added: 0x000001b773b3f150
Event: 27.735 Thread 0x000001b773b3eac0 Thread added: 0x000001b773b3f7e0
Event: 27.735 Thread 0x000001b773b3f150 Thread added: 0x000001b773b3d710
Event: 27.736 Thread 0x000001b773b3f7e0 Thread added: 0x000001b773b3dda0
Event: 27.737 Thread 0x000001b773b3d710 Thread added: 0x000001b773b3e430
Event: 27.737 Thread 0x000001b773b3dda0 Thread added: 0x000001b773b3d080
Event: 27.738 Thread 0x000001b773b3d080 Thread added: 0x000001b773b3fe70


Dynamic libraries:
0x00007ff73fca0000 - 0x00007ff73fcae000 	c:\Users\Angel\.vscode\extensions\redhat.java-1.49.0-win32-x64\jre\21.0.9-win32-x86_64\bin\java.exe
0x00007ffcc7fa0000 - 0x00007ffcc8208000 	C:\Windows\SYSTEM32\ntdll.dll
0x00007ffcc7350000 - 0x00007ffcc7419000 	C:\Windows\System32\KERNEL32.DLL
0x00007ffcc5130000 - 0x00007ffcc5522000 	C:\Windows\System32\KERNELBASE.dll
0x00007ffcc5800000 - 0x00007ffcc594b000 	C:\Windows\System32\ucrtbase.dll
0x00007ffc9e6d0000 - 0x00007ffc9e6ee000 	c:\Users\Angel\.vscode\extensions\redhat.java-1.49.0-win32-x64\jre\21.0.9-win32-x86_64\bin\VCRUNTIME140.dll
0x00007ffc6bef0000 - 0x00007ffc6bf08000 	c:\Users\Angel\.vscode\extensions\redhat.java-1.49.0-win32-x64\jre\21.0.9-win32-x86_64\bin\jli.dll
0x00007ffcc7bb0000 - 0x00007ffcc7d75000 	C:\Windows\System32\USER32.dll
0x00007ffcc4340000 - 0x00007ffcc45d3000 	C:\Windows\WinSxS\amd64_microsoft.windows.common-controls_6595b64144ccf1df_6.0.26100.6899_none_3e0efeeae32e88c1\COMCTL32.dll
0x00007ffcc57d0000 - 0x00007ffcc57f7000 	C:\Windows\System32\win32u.dll
0x00007ffcc74f0000 - 0x00007ffcc7599000 	C:\Windows\System32\msvcrt.dll
0x00007ffcc6bf0000 - 0x00007ffcc6c1b000 	C:\Windows\System32\GDI32.dll
0x00007ffcc5a00000 - 0x00007ffcc5b2d000 	C:\Windows\System32\gdi32full.dll
0x00007ffcc5950000 - 0x00007ffcc59f3000 	C:\Windows\System32\msvcp_win.dll
0x00007ffcc7420000 - 0x00007ffcc744f000 	C:\Windows\System32\IMM32.DLL
0x00007ffcb1b10000 - 0x00007ffcb1b1c000 	c:\Users\Angel\.vscode\extensions\redhat.java-1.49.0-win32-x64\jre\21.0.9-win32-x86_64\bin\vcruntime140_1.dll
0x00007ffc1a6b0000 - 0x00007ffc1a73d000 	c:\Users\Angel\.vscode\extensions\redhat.java-1.49.0-win32-x64\jre\21.0.9-win32-x86_64\bin\msvcp140.dll
0x00007ffc14f10000 - 0x00007ffc15cb0000 	c:\Users\Angel\.vscode\extensions\redhat.java-1.49.0-win32-x64\jre\21.0.9-win32-x86_64\bin\server\jvm.dll
0x00007ffcc7da0000 - 0x00007ffcc7e54000 	C:\Windows\System32\ADVAPI32.dll
0x00007ffcc5d70000 - 0x00007ffcc5e16000 	C:\Windows\System32\sechost.dll
0x00007ffcc6000000 - 0x00007ffcc6118000 	C:\Windows\System32\RPCRT4.dll
0x00007ffcc6f10000 - 0x00007ffcc6f84000 	C:\Windows\System32\WS2_32.dll
0x00007ffcc4f90000 - 0x00007ffcc4fee000 	C:\Windows\SYSTEM32\POWRPROF.dll
0x00007ffcb8250000 - 0x00007ffcb8285000 	C:\Windows\SYSTEM32\WINMM.dll
0x00007ffcbbd60000 - 0x00007ffcbbd6b000 	C:\Windows\SYSTEM32\VERSION.dll
0x00007ffcc4f70000 - 0x00007ffcc4f84000 	C:\Windows\SYSTEM32\UMPDC.dll
0x00007ffcc35d0000 - 0x00007ffcc35eb000 	C:\Windows\SYSTEM32\kernel.appcore.dll
0x00007ffc9d690000 - 0x00007ffc9d69a000 	c:\Users\Angel\.vscode\extensions\redhat.java-1.49.0-win32-x64\jre\21.0.9-win32-x86_64\bin\jimage.dll
0x00007ffcc48f0000 - 0x00007ffcc4b32000 	C:\Windows\SYSTEM32\DBGHELP.DLL
0x00007ffcc6120000 - 0x00007ffcc649b000 	C:\Windows\System32\combase.dll
0x00007ffcc7130000 - 0x00007ffcc7207000 	C:\Windows\System32\OLEAUT32.dll
0x00007ffcc47e0000 - 0x00007ffcc481c000 	C:\Windows\SYSTEM32\dbgcore.DLL
0x00007ffcc5530000 - 0x00007ffcc55c8000 	C:\Windows\System32\bcryptPrimitives.dll
0x00007ffc9d650000 - 0x00007ffc9d65f000 	c:\Users\Angel\.vscode\extensions\redhat.java-1.49.0-win32-x64\jre\21.0.9-win32-x86_64\bin\instrument.dll
0x00007ffc6bcf0000 - 0x00007ffc6bd10000 	c:\Users\Angel\.vscode\extensions\redhat.java-1.49.0-win32-x64\jre\21.0.9-win32-x86_64\bin\java.dll
0x00007ffcc64a0000 - 0x00007ffcc6bed000 	C:\Windows\System32\SHELL32.dll
0x00007ffcc5660000 - 0x00007ffcc57cb000 	C:\Windows\System32\wintypes.dll
0x00007ffcc2340000 - 0x00007ffcc2b9d000 	C:\Windows\SYSTEM32\windows.storage.dll
0x00007ffcc6c20000 - 0x00007ffcc6d12000 	C:\Windows\System32\SHCORE.dll
0x00007ffcc6fc0000 - 0x00007ffcc7022000 	C:\Windows\System32\shlwapi.dll
0x00007ffcc5050000 - 0x00007ffcc5079000 	C:\Windows\SYSTEM32\profapi.dll
0x00007ffc6bba0000 - 0x00007ffc6bbb8000 	c:\Users\Angel\.vscode\extensions\redhat.java-1.49.0-win32-x64\jre\21.0.9-win32-x86_64\bin\zip.dll
0x00007ffc67e60000 - 0x00007ffc67e70000 	C:\Users\Angel\.vscode\extensions\redhat.java-1.49.0-win32-x64\jre\21.0.9-win32-x86_64\bin\net.dll
0x00007ffcbdaa0000 - 0x00007ffcbdbbf000 	C:\Windows\SYSTEM32\WINHTTP.dll
0x00007ffcc3b40000 - 0x00007ffcc3bab000 	C:\Windows\system32\mswsock.dll
0x00007ffc569f0000 - 0x00007ffc56a06000 	C:\Users\Angel\.vscode\extensions\redhat.java-1.49.0-win32-x64\jre\21.0.9-win32-x86_64\bin\nio.dll
0x00007ffc5d380000 - 0x00007ffc5d390000 	c:\Users\Angel\.vscode\extensions\redhat.java-1.49.0-win32-x64\jre\21.0.9-win32-x86_64\bin\verify.dll
0x00007ffc10620000 - 0x00007ffc10664000 	C:\Users\Angel\AppData\Roaming\Code\User\globalStorage\redhat.java\1.49.0\config_win\org.eclipse.equinox.launcher\org.eclipse.equinox.launcher.win32.win32.x86_64_1.2.1400.v20250801-0854\eclipse_11916.dll
0x00007ffcc6d20000 - 0x00007ffcc6eb8000 	C:\Windows\System32\ole32.dll
0x00007ffcc4c60000 - 0x00007ffcc4c7b000 	C:\Windows\SYSTEM32\CRYPTSP.dll
0x00007ffcc3a40000 - 0x00007ffcc3a7b000 	C:\Windows\system32\rsaenh.dll
0x00007ffcc3be0000 - 0x00007ffcc3c0b000 	C:\Windows\SYSTEM32\USERENV.dll
0x00007ffcc5020000 - 0x00007ffcc5046000 	C:\Windows\SYSTEM32\bcrypt.dll
0x00007ffcc40a0000 - 0x00007ffcc40ac000 	C:\Windows\SYSTEM32\CRYPTBASE.dll
0x00007ffcc30e0000 - 0x00007ffcc3114000 	C:\Windows\SYSTEM32\IPHLPAPI.DLL
0x00007ffcc7ed0000 - 0x00007ffcc7eda000 	C:\Windows\System32\NSI.dll
0x00007ffcb2290000 - 0x00007ffcb22d9000 	C:\Users\Angel\AppData\Local\Temp\jna-63408097\jna1680136160422417790.dll
0x00007ffcc7ec0000 - 0x00007ffcc7ec8000 	C:\Windows\System32\PSAPI.DLL
0x00007ffcbe0a0000 - 0x00007ffcbe0be000 	C:\Windows\SYSTEM32\dhcpcsvc6.DLL
0x00007ffcbe070000 - 0x00007ffcbe093000 	C:\Windows\SYSTEM32\dhcpcsvc.DLL

JVMTI agents:
c:\Users\Angel\.vscode\extensions\redhat.java-1.49.0-win32-x64\lombok\lombok-1.18.39-4050.jar path:c:\Users\Angel\.vscode\extensions\redhat.java-1.49.0-win32-x64\jre\21.0.9-win32-x86_64\bin\instrument.dll, loaded, initialized, instrumentlib options:none

dbghelp: loaded successfully - version: 4.0.5 - missing functions: none
symbol engine: initialized successfully - sym options: 0x614 - pdb path: .;c:\Users\Angel\.vscode\extensions\redhat.java-1.49.0-win32-x64\jre\21.0.9-win32-x86_64\bin;C:\Windows\SYSTEM32;C:\Windows\WinSxS\amd64_microsoft.windows.common-controls_6595b64144ccf1df_6.0.26100.6899_none_3e0efeeae32e88c1;c:\Users\Angel\.vscode\extensions\redhat.java-1.49.0-win32-x64\jre\21.0.9-win32-x86_64\bin\server;C:\Users\Angel\AppData\Roaming\Code\User\globalStorage\redhat.java\1.49.0\config_win\org.eclipse.equinox.launcher\org.eclipse.equinox.launcher.win32.win32.x86_64_1.2.1400.v20250801-0854;C:\Users\Angel\AppData\Local\Temp\jna-63408097

VM Arguments:
jvm_args: --add-modules=ALL-SYSTEM --add-opens=java.base/java.util=ALL-UNNAMED --add-opens=java.base/java.lang=ALL-UNNAMED --add-opens=java.base/sun.nio.fs=ALL-UNNAMED -Declipse.application=org.eclipse.jdt.ls.core.id1 -Dosgi.bundles.defaultStartLevel=4 -Declipse.product=org.eclipse.jdt.ls.core.product -Djava.import.generatesMetadataFilesAtProjectRoot=false -DDetectVMInstallationsJob.disabled=true -Dfile.encoding=utf8 -XX:+UseParallelGC -XX:GCTimeRatio=4 -XX:AdaptiveSizePolicyWeight=90 -Dsun.zip.disableMemoryMapping=true -Xmx2G -Xms100m -Xlog:disable -javaagent:c:\Users\Angel\.vscode\extensions\redhat.java-1.49.0-win32-x64\lombok\lombok-1.18.39-4050.jar -XX:+HeapDumpOnOutOfMemoryError -XX:HeapDumpPath=c:\Users\Angel\AppData\Roaming\Code\User\workspaceStorage\591401a15d8a2f8f950499cbec7351e0\redhat.java -Daether.dependencyCollector.impl=bf 
java_command: c:\Users\Angel\.vscode\extensions\redhat.java-1.49.0-win32-x64\server\plugins\org.eclipse.equinox.launcher_1.7.100.v20251111-0406.jar -configuration c:\Users\Angel\AppData\Roaming\Code\User\globalStorage\redhat.java\1.49.0\config_win -data c:\Users\Angel\AppData\Roaming\Code\User\workspaceStorage\591401a15d8a2f8f950499cbec7351e0\redhat.java\jdt_ws --pipe=\\.\pipe\lsp-ec8ac986e70d638b13862af4cebc93eb-sock
java_class_path (initial): c:\Users\Angel\.vscode\extensions\redhat.java-1.49.0-win32-x64\server\plugins\org.eclipse.equinox.launcher_1.7.100.v20251111-0406.jar
Launcher Type: SUN_STANDARD

[Global flags]
    uintx AdaptiveSizePolicyWeight                 = 90                                        {product} {command line}
     intx CICompilerCount                          = 12                                        {product} {ergonomic}
    uintx GCTimeRatio                              = 4                                         {product} {command line}
     bool HeapDumpOnOutOfMemoryError               = true                                   {manageable} {command line}
    ccstr HeapDumpPath                             = c:\Users\Angel\AppData\Roaming\Code\User\workspaceStorage\591401a15d8a2f8f950499cbec7351e0\redhat.java         {manageable} {command line}
   size_t InitialHeapSize                          = 104857600                                 {product} {command line}
   size_t MaxHeapSize                              = 2147483648                                {product} {command line}
   size_t MaxNewSize                               = 715653120                                 {product} {ergonomic}
   size_t MinHeapDeltaBytes                        = 524288                                    {product} {ergonomic}
   size_t MinHeapSize                              = 104857600                                 {product} {command line}
   size_t NewSize                                  = 34603008                                  {product} {ergonomic}
    uintx NonNMethodCodeHeapSize                   = 7602480                                {pd product} {ergonomic}
    uintx NonProfiledCodeHeapSize                  = 122027880                              {pd product} {ergonomic}
   size_t OldSize                                  = 70254592                                  {product} {ergonomic}
    uintx ProfiledCodeHeapSize                     = 122027880                              {pd product} {ergonomic}
    uintx ReservedCodeCacheSize                    = 251658240                              {pd product} {ergonomic}
     bool SegmentedCodeCache                       = true                                      {product} {ergonomic}
   size_t SoftMaxHeapSize                          = 2147483648                             {manageable} {ergonomic}
     bool UseCompressedOops                        = true                           {product lp64_product} {ergonomic}
     bool UseLargePagesIndividualAllocation        = false                                  {pd product} {ergonomic}
     bool UseParallelGC                            = true                                      {product} {command line}

Logging:
Log output configuration:
 #0: stdout all=off uptime,level,tags foldmultilines=false
 #1: stderr all=off uptime,level,tags foldmultilines=false

Release file:
JAVA_VERSION="21.0.9" 
MODULES="java.base java.compiler java.datatransfer java.xml java.prefs java.desktop java.instrument java.logging java.management java.security.sasl java.naming java.rmi java.management.rmi java.net.http java.scripting java.security.jgss java.transaction.xa java.sql java.sql.rowset java.xml.crypto java.se java.smartcardio jdk.accessibility jdk.internal.jvmstat jdk.attach jdk.charsets jdk.internal.opt jdk.zipfs jdk.compiler jdk.crypto.ec jdk.crypto.cryptoki jdk.crypto.mscapi jdk.dynalink jdk.internal.ed jdk.editpad jdk.hotspot.agent jdk.httpserver jdk.internal.le jdk.internal.vm.ci jdk.internal.vm.compiler jdk.internal.vm.compiler.management jdk.jartool jdk.javadoc jdk.jcmd jdk.management jdk.management.agent jdk.jconsole jdk.jdeps jdk.jdwp.agent jdk.jdi jdk.jfr jdk.jshell jdk.jsobject jdk.jstatd jdk.localedata jdk.management.jfr jdk.naming.dns jdk.naming.rmi jdk.net jdk.nio.mapmode jdk.random jdk.sctp jdk.security.auth jdk.security.jgss jdk.unsupported jdk.unsupported.desktop jdk.xml.dom" 

Environment Variables:
JAVA_HOME=C:\Users\Angel\Downloads\jdk-21.0.7_windows-x64_bin\jdk-21.0.7
PATH=C:\Windows\system32;C:\Windows;C:\Windows\System32\Wbem;C:\Windows\System32\WindowsPowerShell\v1.0\;C:\Windows\System32\OpenSSH\;C:\Program Files\Git\cmd;C:\Program Files (x86)\NVIDIA Corporation\PhysX\Common;C:\Users\Angel\Downloads\apache-maven-3.9.11-bin\apache-maven-3.9.11\bin;C:\Users\Angel\Downloads\jdk-21.0.7_windows-x64_bin\jdk-21.0.7\bin;C:\Program Files\nodejs\;C:\Program Files\Amazon\AWSCLIV2\;C:\Program Files\dotnet\;C:\Program Files\MySQL\MySQL Server 8.0\bin;;C:\Program Files\Docker\Docker\resources\bin;C:\Program Files\MySQL\MySQL Shell 8.0\bin\;C:\Users\Angel\AppData\Local\Microsoft\WindowsApps;C:\Users\Angel\AppData\Local\Programs\Microsoft VS Code\bin;C:\Users\Angel\AppData\Roaming\npm;C:\Users\Angel\AppData\Local\Programs\mongosh\
USERNAME=Angel
OS=Windows_NT
PROCESSOR_IDENTIFIER=AMD64 Family 25 Model 68 Stepping 1, AuthenticAMD
TMP=C:\Users\Angel\AppData\Local\Temp
TEMP=C:\Users\Angel\AppData\Local\Temp




Periodic native trim disabled

---------------  S Y S T E M  ---------------

OS:
 Windows 11 , 64 bit Build 26100 (10.0.26100.6725)
OS uptime: 0 days 0:02 hours

CPU: total 16 (initial active 16) (16 cores per cpu, 2 threads per core) family 25 model 68 stepping 1 microcode 0xa404102, cx8, cmov, fxsr, ht, mmx, 3dnowpref, sse, sse2, sse3, ssse3, sse4a, sse4.1, sse4.2, popcnt, lzcnt, tsc, tscinvbit, avx, avx2, aes, erms, clmul, bmi1, bmi2, adx, sha, fma, vzeroupper, clflush, clflushopt, rdtscp, rdpid, fsrm, f16c, pku, cet_ss
Processor Information for the first 16 processors :
  Max Mhz: 3301, Current Mhz: 2022, Mhz Limit: 3301

Memory: 4k page, system-wide physical 19724M (11686M free)
TotalPageFile size 21580M (AvailPageFile size 9642M)
current process WorkingSet (physical memory assigned to process): 291M, peak: 307M
current process commit charge ("private bytes"): 420M, peak: 440M

vm_info: OpenJDK 64-Bit Server VM (21.0.9+10-LTS) for windows-amd64 JRE (21.0.9+10-LTS), built on 2025-10-21T00:00:00Z by "admin" with unknown MS VC++:1942

END.
