#
# A fatal error has been detected by the Java Runtime Environment:
#
#  EXCEPTION_ACCESS_VIOLATION (0xc0000005) at pc=0x00007ff9b357b622, pid=11792, tid=4036
#
# JRE version: OpenJDK Runtime Environment Temurin-21.0.9+10 (21.0.9+10) (build 21.0.9+10-LTS)
# Java VM: OpenJDK 64-Bit Server VM Temurin-21.0.9+10 (21.0.9+10-LTS, mixed mode, sharing, tiered, compressed oops, compressed class ptrs, parallel gc, windows-amd64)
# Problematic frame:
# V  [jvm.dll+0x6db622]
#
# No core dump will be written. Minidumps are not enabled by default on client versions of Windows
#
# If you would like to submit a bug report, please visit:
#   https://github.com/adoptium/adoptium-support/issues
#

---------------  S U M M A R Y ------------

Command Line: --add-modules=ALL-SYSTEM --add-opens=java.base/java.util=ALL-UNNAMED --add-opens=java.base/java.lang=ALL-UNNAMED --add-opens=java.base/sun.nio.fs=ALL-UNNAMED -Declipse.application=org.eclipse.jdt.ls.core.id1 -Dosgi.bundles.defaultStartLevel=4 -Declipse.product=org.eclipse.jdt.ls.core.product -Djava.import.generatesMetadataFilesAtProjectRoot=false -DDetectVMInstallationsJob.disabled=true -Dfile.encoding=utf8 -XX:+UseParallelGC -XX:GCTimeRatio=4 -XX:AdaptiveSizePolicyWeight=90 -Dsun.zip.disableMemoryMapping=true -Xmx2G -Xms100m -Xlog:disable -javaagent:c:\Users\Angel\.vscode\extensions\redhat.java-1.50.0-win32-x64\lombok\lombok-1.18.39-4050.jar -XX:+HeapDumpOnOutOfMemoryError -XX:HeapDumpPath=c:\Users\Angel\AppData\Roaming\Code\User\workspaceStorage\591401a15d8a2f8f950499cbec7351e0\redhat.java -Daether.dependencyCollector.impl=bf c:\Users\Angel\.vscode\extensions\redhat.java-1.50.0-win32-x64\server\plugins\org.eclipse.equinox.launcher_1.7.100.v20251111-0406.jar -configuration c:\Users\Angel\AppData\Roaming\Code\User\globalStorage\redhat.java\1.50.0\config_win -data c:\Users\Angel\AppData\Roaming\Code\User\workspaceStorage\591401a15d8a2f8f950499cbec7351e0\redhat.java\jdt_ws --pipe=\\.\pipe\lsp-ca54b67b17ae834ad3b63bca4e84fc32-sock

Host: AMD Ryzen 9 6900HX with Radeon Graphics        , 16 cores, 19G,  Windows 11 , 64 bit Build 26100 (10.0.26100.7019)
Time: Fri Nov 28 21:09:29 2025 Hora est. Pacífico, Sudamérica elapsed time: 35.031830 seconds (0d 0h 0m 35s)

---------------  T H R E A D  ---------------

Current thread (0x000001b6d322d5e0):  JavaThread "C2 CompilerThread0" daemon [_thread_in_native, id=4036, stack(0x0000005f81e00000,0x0000005f81f00000) (1024K)]


Current CompileTask:
C2:35031 10794       4       java.util.Properties::load0 (249 bytes)

Stack: [0x0000005f81e00000,0x0000005f81f00000],  sp=0x0000005f81efcbc0,  free space=1010k
Native frames: (J=compiled Java code, j=interpreted, Vv=VM code, C=native code)
V  [jvm.dll+0x6db622]
V  [jvm.dll+0x6dc679]
V  [jvm.dll+0x6ddc5f]
V  [jvm.dll+0x6dc3c0]
V  [jvm.dll+0x24c36b]
V  [jvm.dll+0x24b580]
V  [jvm.dll+0x1cb13e]
V  [jvm.dll+0x25b29d]
V  [jvm.dll+0x25982a]
V  [jvm.dll+0x3f7ea6]
V  [jvm.dll+0x85e9ad]
V  [jvm.dll+0x6d565d]
C  [ucrtbase.dll+0x37b0]
C  [KERNEL32.DLL+0x2e8d7]
C  [ntdll.dll+0x8c53c]


siginfo: EXCEPTION_ACCESS_VIOLATION (0xc0000005), reading address 0xffffffffffffffff


Registers:
RAX=0x75206d6165727473, RBX=0x0000000000000001, RCX=0x000001b6f586f490, RDX=0x0000000000000001
RSP=0x0000005f81efcbc0, RBP=0x0000005f81efcc20, RSI=0x000001b6f192dca0, RDI=0x000001b6f192dca0
R8 =0x000001b6eb164fb0, R9 =0x000001b6f586f490, R10=0x00007ff9d88d0000, R11=0x00007ff9d88e1a6d
R12=0x000001b6f51b2fa0, R13=0x0000005f81efd8c0, R14=0x000001b6eb164fb0, R15=0x000001b6f586f490
RIP=0x00007ff9b357b622, EFLAGS=0x0000000000010246

XMM[0]=0x0000000000000000 0x0000000000000000
XMM[1]=0x0000000000000000 0x0000000000000000
XMM[2]=0x0000000000000000 0x0000000000000000
XMM[3]=0x0000000000000000 0x0000000000000000
XMM[4]=0x0000000000000000 0x0000000000000000
XMM[5]=0x0000000000000000 0x0000000000000000
XMM[6]=0x0000000000000000 0x0000000000000000
XMM[7]=0x0000000000000000 0x0000000000000000
XMM[8]=0x0000000000000000 0x0000000000000000
XMM[9]=0x0000000000000000 0x0000000000000000
XMM[10]=0x0000000000000000 0x0000000000000000
XMM[11]=0x0000000000000000 0x0000000000000000
XMM[12]=0x0000000000000000 0x0000000000000000
XMM[13]=0x0000000000000000 0x0000000000000000
XMM[14]=0x0000000000000000 0x0000000000000000
XMM[15]=0x0000000000000000 0x0000000000000000
  MXCSR=0x00001fa0


Register to memory mapping:

RAX=0x75206d6165727473 is an unknown value
RBX=0x0000000000000001 is an unknown value
RCX=0x000001b6f586f490 points into unknown readable memory: 0x75206d6165727473 | 73 74 72 65 61 6d 20 75
RDX=0x0000000000000001 is an unknown value
RSP=0x0000005f81efcbc0 is pointing into the stack for thread: 0x000001b6d322d5e0
RBP=0x0000005f81efcc20 is pointing into the stack for thread: 0x000001b6d322d5e0
RSI=0x000001b6f192dca0 points into unknown readable memory: 0x0000000900000001 | 01 00 00 00 09 00 00 00
RDI=0x000001b6f192dca0 points into unknown readable memory: 0x0000000900000001 | 01 00 00 00 09 00 00 00
R8 =0x000001b6eb164fb0 points into unknown readable memory: 0x00007ff9b3850228 | 28 02 85 b3 f9 7f 00 00
R9 =0x000001b6f586f490 points into unknown readable memory: 0x75206d6165727473 | 73 74 72 65 61 6d 20 75
R10=0x00007ff9d88d0000 VCRUNTIME140.dll
R11=0x00007ff9d88e1a6d VCRUNTIME140.dll
R12=0x000001b6f51b2fa0 points into unknown readable memory: 0x000001b6f51b2fe0 | e0 2f 1b f5 b6 01 00 00
R13=0x0000005f81efd8c0 is pointing into the stack for thread: 0x000001b6d322d5e0
R14=0x000001b6eb164fb0 points into unknown readable memory: 0x00007ff9b3850228 | 28 02 85 b3 f9 7f 00 00
R15=0x000001b6f586f490 points into unknown readable memory: 0x75206d6165727473 | 73 74 72 65 61 6d 20 75

Top of Stack: (sp=0x0000005f81efcbc0)
0x0000005f81efcbc0:   000001b6f192dca0 0000000000000000
0x0000005f81efcbd0:   0000005f81efcc20 000001b6d322dd18
0x0000005f81efcbe0:   0000005f81efcd28 00007ff9b3565245
0x0000005f81efcbf0:   000001b6eb165020 000001b6ec8cf008
0x0000005f81efcc00:   0000005f81efd8c0 000000000000222f
0x0000005f81efcc10:   000001b6eb164fb0 000001b6f192dca0
0x0000005f81efcc20:   000001b6eb165020 0000005f81efd8c0
0x0000005f81efcc30:   000001b6f51b2fa0 0000000000000009
0x0000005f81efcc40:   000001b6f2b11490 00007ff9b357c679
0x0000005f81efcc50:   0000000000000001 0000000000000000
0x0000005f81efcc60:   000001b6eb164fb0 000001b6f192dc88
0x0000005f81efcc70:   000001b6f192dca0 000001b6f2b11490
0x0000005f81efcc80:   00000000ffdbb500 00007ff9b2eb4c00
0x0000005f81efcc90:   0000005f81efcd00 000001b6f2eb2a01
0x0000005f81efcca0:   00007ff9b3808400 000000000000007f
0x0000005f81efccb0:   0000000000000000 0000000000000000
0x0000005f81efccc0:   0000000000010000 0000000e00000000
0x0000005f81efccd0:   000001b6eb165020 000001b6f51b2fa0
0x0000005f81efcce0:   000001b6f2b11490 000001b6f3602248
0x0000005f81efccf0:   00007ff90000000f 000001b6f192dca0
0x0000005f81efcd00:   000001b6f192dc70 000001b6f192dc88
0x0000005f81efcd10:   000001b6f51b2f60 0000000000000000
0x0000005f81efcd20:   000001b6f14a4650 0000000000000000
0x0000005f81efcd30:   0000000000000000 0000005f81efd8c0
0x0000005f81efcd40:   0000005f81efce90 0000000000000000
0x0000005f81efcd50:   000001b6eb164fb0 000000000000001e
0x0000005f81efcd60:   0000000000006a18 0000000000000013
0x0000005f81efcd70:   0000005f81efd8c0 0000005f81efce90
0x0000005f81efcd80:   000000000000000e 00007ff9b357dc5f
0x0000005f81efcd90:   0000005f81efd8c0 000001b6eb164fb0
0x0000005f81efcda0:   0000005f00006a20 0000005f81efd800
0x0000005f81efcdb0:   000001b6eca542a0 000001b6f32a90e8 

Instructions: (pc=0x00007ff9b357b622)
0x00007ff9b357b522:   90 60 01 00 00 84 c0 74 55 48 8b 46 40 48 8b 08
0x00007ff9b357b532:   80 b9 88 00 00 00 00 74 15 0f 1f 44 00 00 48 8b
0x00007ff9b357b542:   41 40 48 8b 08 80 b9 88 00 00 00 00 75 f0 8b 41
0x00007ff9b357b552:   4c 41 8b d6 48 8d 0c 80 48 8b 45 7f 44 8b 04 c8
0x00007ff9b357b562:   49 8d 8d f8 01 00 00 48 8b 45 77 41 c1 f8 02 8b
0x00007ff9b357b572:   14 90 e8 77 29 c3 ff 41 ff c6 44 89 75 ef 49 8b
0x00007ff9b357b582:   55 08 41 ff c7 44 89 7d f3 48 8b 82 50 08 00 00
0x00007ff9b357b592:   44 3b 78 40 0f 82 f4 fa ff ff 4c 8b a4 24 90 00
0x00007ff9b357b5a2:   00 00 48 8b bc 24 98 00 00 00 48 8b b4 24 a0 00
0x00007ff9b357b5b2:   00 00 48 8b 9c 24 d8 00 00 00 48 81 c4 a8 00 00
0x00007ff9b357b5c2:   00 41 5f 41 5e 41 5d 5d c3 cc cc cc cc cc 4c 89
0x00007ff9b357b5d2:   44 24 18 55 57 41 54 41 55 41 57 48 8b ec 48 83
0x00007ff9b357b5e2:   ec 60 48 8b 7d 50 4c 8b e9 4d 8b f9 8b 0f 3b ca
0x00007ff9b357b5f2:   74 16 49 8b 45 08 4c 3b 88 e8 02 00 00 0f 84 28
0x00007ff9b357b602:   04 00 00 8d 41 ff 89 07 49 8b 01 49 8b cf 48 89
0x00007ff9b357b612:   9c 24 90 00 00 00 48 89 74 24 58 4c 89 74 24 50
0x00007ff9b357b622:   ff 50 28 41 80 7f 2c 84 48 8b f0 0f 85 66 01 00
0x00007ff9b357b632:   00 4c 8b 65 58 33 db 49 63 04 24 85 c0 7e 2b 45
0x00007ff9b357b642:   8b 47 28 49 8d 4f 28 48 89 4d d0 48 8b d0 49 8b
0x00007ff9b357b652:   44 24 08 8b cb 4c 8b 30 45 39 46 08 74 74 48 ff
0x00007ff9b357b662:   c1 48 83 c0 08 48 3b ca 7c eb 49 8d 47 28 48 89
0x00007ff9b357b672:   45 d0 48 8b 06 48 8b ce ff 90 e0 00 00 00 33 d2
0x00007ff9b357b682:   b9 40 00 00 00 48 89 45 d8 e8 00 17 05 00 4c 8b
0x00007ff9b357b692:   f0 48 85 c0 74 60 33 d2 b9 10 00 00 00 e8 ec 16
0x00007ff9b357b6a2:   05 00 48 8b f0 48 85 c0 74 33 48 8b 45 d8 48 8b
0x00007ff9b357b6b2:   c8 48 8b 10 ff 92 80 00 00 00 48 8b c8 e8 fc 2c
0x00007ff9b357b6c2:   a8 ff 48 8d 0d 15 ac 32 00 48 89 46 08 48 89 0e
0x00007ff9b357b6d2:   eb 0e 4d 85 f6 0f 85 a7 00 00 00 eb 95 48 8b f3
0x00007ff9b357b6e2:   48 8b 55 d0 4c 8b c6 49 8b ce 8b 12 e8 7d ca db
0x00007ff9b357b6f2:   ff 4c 8b f0 eb 03 4c 8b f3 48 8d 55 d8 4c 89 75
0x00007ff9b357b702:   d0 49 8b cc 4c 89 75 d8 e8 31 e7 92 ff 4c 8b 65
0x00007ff9b357b712:   40 49 8b cc 49 8b 04 24 ff 90 90 00 00 00 41 8b 


Stack slot to memory mapping:

stack at sp + 0 slots: 0x000001b6f192dca0 points into unknown readable memory: 0x0000000900000001 | 01 00 00 00 09 00 00 00
stack at sp + 1 slots: 0x0 is null
stack at sp + 2 slots: 0x0000005f81efcc20 is pointing into the stack for thread: 0x000001b6d322d5e0
stack at sp + 3 slots: 0x000001b6d322dd18 points into unknown readable memory: 0x000001b6f80e1dc0 | c0 1d 0e f8 b6 01 00 00
stack at sp + 4 slots: 0x0000005f81efcd28 is pointing into the stack for thread: 0x000001b6d322d5e0
stack at sp + 5 slots: 0x00007ff9b3565245 jvm.dll
stack at sp + 6 slots: 0x000001b6eb165020 points into unknown readable memory: 0x0000000100000000 | 00 00 00 00 01 00 00 00
stack at sp + 7 slots: 0x000001b6ec8cf008 points into unknown readable memory: 0x00007ff9b3b45590 | 90 55 b4 b3 f9 7f 00 00


---------------  P R O C E S S  ---------------

Threads class SMR info:
_java_thread_list=0x000001b6f79fcec0, length=60, elements={
0x000001b6d316d140, 0x000001b6d311d9b0, 0x000001b6d3210b50, 0x000001b6d32139b0,
0x000001b6d3214600, 0x000001b6d32168e0, 0x000001b6d321ecc0, 0x000001b6d322d5e0,
0x000001b6d322e2d0, 0x000001b6eb118030, 0x000001b6ec7c5d80, 0x000001b6f13ee230,
0x000001b6eb1b4e20, 0x000001b6eca27e90, 0x000001b6ec9d0eb0, 0x000001b6f15a7f80,
0x000001b6f134c9e0, 0x000001b6f15e9590, 0x000001b6f15ea940, 0x000001b6f15e9c20,
0x000001b6f1d20c20, 0x000001b6f1d20590, 0x000001b6f1d21fd0, 0x000001b6f1d212b0,
0x000001b6f1d21940, 0x000001b6f1d1eb50, 0x000001b6f1d22660, 0x000001b6f1d1f1e0,
0x000001b6f1d22cf0, 0x000001b6f1d1f870, 0x000001b6f1d1ff00, 0x000001b6f1d25450,
0x000001b6f1d24730, 0x000001b6f1d23380, 0x000001b6f1d23a10, 0x000001b6f1d240a0,
0x000001b6f1d25ae0, 0x000001b6f1d26170, 0x000001b6f1d24dc0, 0x000001b6f4eb3df0,
0x000001b6f4eb5830, 0x000001b6f4eb6550, 0x000001b6f4eb3760, 0x000001b6f4eb4480,
0x000001b6f4eb4b10, 0x000001b6f4eb30d0, 0x000001b6f4eb7270, 0x000001b6f4eb8cb0,
0x000001b6f4eba060, 0x000001b6f4eb6be0, 0x000001b6f4eba6f0, 0x000001b6f4eb9340,
0x000001b6f4eb99d0, 0x000001b6f4eb8620, 0x000001b6f4eb7900, 0x000001b6f4eb7f90,
0x000001b6f6d00e20, 0x000001b6f6d02860, 0x000001b6f6d03580, 0x000001b6f6d00790
}

Java Threads: ( => current thread )
  0x000001b6d316d140 JavaThread "main"                              [_thread_blocked, id=20944, stack(0x0000005f81400000,0x0000005f81500000) (1024K)]
  0x000001b6d311d9b0 JavaThread "Reference Handler"          daemon [_thread_blocked, id=6980, stack(0x0000005f81800000,0x0000005f81900000) (1024K)]
  0x000001b6d3210b50 JavaThread "Finalizer"                  daemon [_thread_blocked, id=10932, stack(0x0000005f81900000,0x0000005f81a00000) (1024K)]
  0x000001b6d32139b0 JavaThread "Signal Dispatcher"          daemon [_thread_blocked, id=11912, stack(0x0000005f81a00000,0x0000005f81b00000) (1024K)]
  0x000001b6d3214600 JavaThread "Attach Listener"            daemon [_thread_blocked, id=2460, stack(0x0000005f81b00000,0x0000005f81c00000) (1024K)]
  0x000001b6d32168e0 JavaThread "Service Thread"             daemon [_thread_blocked, id=7476, stack(0x0000005f81c00000,0x0000005f81d00000) (1024K)]
  0x000001b6d321ecc0 JavaThread "Monitor Deflation Thread"   daemon [_thread_blocked, id=9856, stack(0x0000005f81d00000,0x0000005f81e00000) (1024K)]
=>0x000001b6d322d5e0 JavaThread "C2 CompilerThread0"         daemon [_thread_in_native, id=4036, stack(0x0000005f81e00000,0x0000005f81f00000) (1024K)]
  0x000001b6d322e2d0 JavaThread "C1 CompilerThread0"         daemon [_thread_blocked, id=24988, stack(0x0000005f81f00000,0x0000005f82000000) (1024K)]
  0x000001b6eb118030 JavaThread "Common-Cleaner"             daemon [_thread_blocked, id=22688, stack(0x0000005f82300000,0x0000005f82400000) (1024K)]
  0x000001b6ec7c5d80 JavaThread "Notification Thread"        daemon [_thread_blocked, id=24384, stack(0x0000005f82500000,0x0000005f82600000) (1024K)]
  0x000001b6f13ee230 JavaThread "Active Thread: Equinox Container: 0caefae4-9807-4581-82fe-1f9146da411f"        [_thread_blocked, id=21288, stack(0x0000005f82e00000,0x0000005f82f00000) (1024K)]
  0x000001b6eb1b4e20 JavaThread "Refresh Thread: Equinox Container: 0caefae4-9807-4581-82fe-1f9146da411f" daemon [_thread_blocked, id=25656, stack(0x0000005f82200000,0x0000005f82300000) (1024K)]
  0x000001b6eca27e90 JavaThread "Framework Event Dispatcher: Equinox Container: 0caefae4-9807-4581-82fe-1f9146da411f" daemon [_thread_blocked, id=25660, stack(0x0000005f82400000,0x0000005f82500000) (1024K)]
  0x000001b6ec9d0eb0 JavaThread "Start Level: Equinox Container: 0caefae4-9807-4581-82fe-1f9146da411f" daemon [_thread_blocked, id=25668, stack(0x0000005f82600000,0x0000005f82700000) (1024K)]
  0x000001b6f15a7f80 JavaThread "Bundle File Closer"         daemon [_thread_blocked, id=26220, stack(0x0000005f83200000,0x0000005f83300000) (1024K)]
  0x000001b6f134c9e0 JavaThread "SCR Component Actor"        daemon [_thread_blocked, id=25724, stack(0x0000005f82000000,0x0000005f82100000) (1024K)]
  0x000001b6f15e9590 JavaThread "Worker-JM"                         [_thread_blocked, id=25828, stack(0x0000005f83800000,0x0000005f83900000) (1024K)]
  0x000001b6f15ea940 JavaThread "JNA Cleaner"                daemon [_thread_blocked, id=19336, stack(0x0000005f83600000,0x0000005f83700000) (1024K)]
  0x000001b6f15e9c20 JavaThread "Worker-0"                          [_thread_blocked, id=9940, stack(0x0000005f83b00000,0x0000005f83c00000) (1024K)]
  0x000001b6f1d20c20 JavaThread "Worker-1"                          [_thread_blocked, id=25704, stack(0x0000005f83c00000,0x0000005f83d00000) (1024K)]
  0x000001b6f1d20590 JavaThread "Java indexing"              daemon [_thread_blocked, id=26008, stack(0x0000005f83500000,0x0000005f83600000) (1024K)]
  0x000001b6f1d21fd0 JavaThread "Worker-2"                          [_thread_blocked, id=25960, stack(0x0000005f84000000,0x0000005f84100000) (1024K)]
  0x000001b6f1d212b0 JavaThread "Worker-3: Initialize Workspace"        [_thread_blocked, id=12688, stack(0x0000005f84100000,0x0000005f84200000) (1024K)]
  0x000001b6f1d21940 JavaThread "Thread-1"                   daemon [_thread_in_native, id=20172, stack(0x0000005f84200000,0x0000005f84300000) (1024K)]
  0x000001b6f1d1eb50 JavaThread "Thread-2"                   daemon [_thread_in_native, id=21984, stack(0x0000005f84300000,0x0000005f84400000) (1024K)]
  0x000001b6f1d22660 JavaThread "Thread-3"                   daemon [_thread_in_native, id=18660, stack(0x0000005f84400000,0x0000005f84500000) (1024K)]
  0x000001b6f1d1f1e0 JavaThread "Thread-4"                   daemon [_thread_in_native, id=17216, stack(0x0000005f84500000,0x0000005f84600000) (1024K)]
  0x000001b6f1d22cf0 JavaThread "Thread-5"                   daemon [_thread_in_native, id=13168, stack(0x0000005f84600000,0x0000005f84700000) (1024K)]
  0x000001b6f1d1f870 JavaThread "Thread-6"                   daemon [_thread_in_native, id=18336, stack(0x0000005f84700000,0x0000005f84800000) (1024K)]
  0x000001b6f1d1ff00 JavaThread "Thread-7"                   daemon [_thread_in_native, id=6916, stack(0x0000005f84800000,0x0000005f84900000) (1024K)]
  0x000001b6f1d25450 JavaThread "Thread-8"                   daemon [_thread_in_native, id=10348, stack(0x0000005f84900000,0x0000005f84a00000) (1024K)]
  0x000001b6f1d24730 JavaThread "Thread-9"                   daemon [_thread_in_native, id=16148, stack(0x0000005f84a00000,0x0000005f84b00000) (1024K)]
  0x000001b6f1d23380 JavaThread "Thread-10"                  daemon [_thread_in_native, id=8284, stack(0x0000005f84b00000,0x0000005f84c00000) (1024K)]
  0x000001b6f1d23a10 JavaThread "Thread-11"                  daemon [_thread_in_native, id=4868, stack(0x0000005f84c00000,0x0000005f84d00000) (1024K)]
  0x000001b6f1d240a0 JavaThread "Thread-12"                  daemon [_thread_in_native, id=25572, stack(0x0000005f84d00000,0x0000005f84e00000) (1024K)]
  0x000001b6f1d25ae0 JavaThread "Thread-13"                  daemon [_thread_in_native, id=17860, stack(0x0000005f84e00000,0x0000005f84f00000) (1024K)]
  0x000001b6f1d26170 JavaThread "Thread-14"                  daemon [_thread_in_native, id=11824, stack(0x0000005f84f00000,0x0000005f85000000) (1024K)]
  0x000001b6f1d24dc0 JavaThread "Thread-15"                  daemon [_thread_in_native, id=24916, stack(0x0000005f85000000,0x0000005f85100000) (1024K)]
  0x000001b6f4eb3df0 JavaThread "Thread-16"                  daemon [_thread_in_native, id=24920, stack(0x0000005f85100000,0x0000005f85200000) (1024K)]
  0x000001b6f4eb5830 JavaThread "Thread-17"                  daemon [_thread_in_native, id=25568, stack(0x0000005f85200000,0x0000005f85300000) (1024K)]
  0x000001b6f4eb6550 JavaThread "pool-2-thread-1"                   [_thread_blocked, id=11432, stack(0x0000005f85400000,0x0000005f85500000) (1024K)]
  0x000001b6f4eb3760 JavaThread "Worker-4: Initialize workspace"        [_thread_in_native, id=26232, stack(0x0000005f85900000,0x0000005f85a00000) (1024K)]
  0x000001b6f4eb4480 JavaThread "WorkspaceEventsHandler"            [_thread_blocked, id=8256, stack(0x0000005f85a00000,0x0000005f85b00000) (1024K)]
  0x000001b6f4eb4b10 JavaThread "pool-1-thread-1"                   [_thread_blocked, id=25328, stack(0x0000005f85b00000,0x0000005f85c00000) (1024K)]
  0x000001b6f4eb30d0 JavaThread "ForkJoinPool.commonPool-worker-1" daemon [_thread_blocked, id=26296, stack(0x0000005f85d00000,0x0000005f85e00000) (1024K)]
  0x000001b6f4eb7270 JavaThread "ForkJoinPool.commonPool-worker-2" daemon [_thread_blocked, id=26260, stack(0x0000005f85e00000,0x0000005f85f00000) (1024K)]
  0x000001b6f4eb8cb0 JavaThread "ForkJoinPool.commonPool-worker-3" daemon [_thread_blocked, id=26256, stack(0x0000005f85f00000,0x0000005f86000000) (1024K)]
  0x000001b6f4eba060 JavaThread "ForkJoinPool.commonPool-worker-4" daemon [_thread_blocked, id=26252, stack(0x0000005f86000000,0x0000005f86100000) (1024K)]
  0x000001b6f4eb6be0 JavaThread "ForkJoinPool.commonPool-worker-5" daemon [_thread_blocked, id=26272, stack(0x0000005f86100000,0x0000005f86200000) (1024K)]
  0x000001b6f4eba6f0 JavaThread "ForkJoinPool.commonPool-worker-6" daemon [_thread_blocked, id=26280, stack(0x0000005f86200000,0x0000005f86300000) (1024K)]
  0x000001b6f4eb9340 JavaThread "ForkJoinPool.commonPool-worker-7" daemon [_thread_blocked, id=26284, stack(0x0000005f86300000,0x0000005f86400000) (1024K)]
  0x000001b6f4eb99d0 JavaThread "ForkJoinPool.commonPool-worker-8" daemon [_thread_blocked, id=26288, stack(0x0000005f86400000,0x0000005f86500000) (1024K)]
  0x000001b6f4eb8620 JavaThread "ForkJoinPool.commonPool-worker-9" daemon [_thread_blocked, id=26300, stack(0x0000005f86500000,0x0000005f86600000) (1024K)]
  0x000001b6f4eb7900 JavaThread "ForkJoinPool.commonPool-worker-10" daemon [_thread_blocked, id=26304, stack(0x0000005f86600000,0x0000005f86700000) (1024K)]
  0x000001b6f4eb7f90 JavaThread "ForkJoinPool.commonPool-worker-11" daemon [_thread_blocked, id=26248, stack(0x0000005f86700000,0x0000005f86800000) (1024K)]
  0x000001b6f6d00e20 JavaThread "ForkJoinPool.commonPool-worker-12" daemon [_thread_in_native, id=26244, stack(0x0000005f86800000,0x0000005f86900000) (1024K)]
  0x000001b6f6d02860 JavaThread "ForkJoinPool.commonPool-worker-13" daemon [_thread_blocked, id=26316, stack(0x0000005f86900000,0x0000005f86a00000) (1024K)]
  0x000001b6f6d03580 JavaThread "ForkJoinPool.commonPool-worker-14" daemon [_thread_blocked, id=26320, stack(0x0000005f86a00000,0x0000005f86b00000) (1024K)]
  0x000001b6f6d00790 JavaThread "ForkJoinPool.commonPool-worker-15" daemon [_thread_blocked, id=26328, stack(0x0000005f86b00000,0x0000005f86c00000) (1024K)]
Total: 60

Other Threads:
  0x000001b6d3104060 VMThread "VM Thread"                           [id=24736, stack(0x0000005f81700000,0x0000005f81800000) (1024K)]
  0x000001b6d2ffca00 WatcherThread "VM Periodic Task Thread"        [id=18616, stack(0x0000005f81600000,0x0000005f81700000) (1024K)]
  0x000001b6d318b110 WorkerThread "GC Thread#0"                     [id=6976, stack(0x0000005f81500000,0x0000005f81600000) (1024K)]
  0x000001b6ecbdc1f0 WorkerThread "GC Thread#1"                     [id=1384, stack(0x0000005f82700000,0x0000005f82800000) (1024K)]
  0x000001b6ecbdc590 WorkerThread "GC Thread#2"                     [id=2548, stack(0x0000005f82800000,0x0000005f82900000) (1024K)]
  0x000001b6ecbdc930 WorkerThread "GC Thread#3"                     [id=14012, stack(0x0000005f82900000,0x0000005f82a00000) (1024K)]
  0x000001b6f1038460 WorkerThread "GC Thread#4"                     [id=19200, stack(0x0000005f82a00000,0x0000005f82b00000) (1024K)]
  0x000001b6f1038800 WorkerThread "GC Thread#5"                     [id=4812, stack(0x0000005f82b00000,0x0000005f82c00000) (1024K)]
  0x000001b6f1038ba0 WorkerThread "GC Thread#6"                     [id=17896, stack(0x0000005f82c00000,0x0000005f82d00000) (1024K)]
  0x000001b6f156f2f0 WorkerThread "GC Thread#7"                     [id=5048, stack(0x0000005f82f00000,0x0000005f83000000) (1024K)]
  0x000001b6ec9d91a0 WorkerThread "GC Thread#8"                     [id=26200, stack(0x0000005f82100000,0x0000005f82200000) (1024K)]
  0x000001b6ec9d9540 WorkerThread "GC Thread#9"                     [id=26204, stack(0x0000005f82d00000,0x0000005f82e00000) (1024K)]
  0x000001b6ec9d8e00 WorkerThread "GC Thread#10"                    [id=26208, stack(0x0000005f83000000,0x0000005f83100000) (1024K)]
  0x000001b6eca0d8a0 WorkerThread "GC Thread#11"                    [id=25712, stack(0x0000005f83100000,0x0000005f83200000) (1024K)]
  0x000001b6eca0b460 WorkerThread "GC Thread#12"                    [id=25864, stack(0x0000005f83a00000,0x0000005f83b00000) (1024K)]
Total: 15

Threads with active compile tasks:
C2 CompilerThread0  35176 10794       4       java.util.Properties::load0 (249 bytes)
Total: 1

VM state: not at safepoint (normal execution)

VM Mutex/Monitor currently owned by a thread: None

Heap address: 0x0000000080000000, size: 2048 MB, Compressed Oops mode: 32-bit

CDS archive(s) mapped at: [0x000001b680000000-0x000001b680ba0000-0x000001b680ba0000), size 12189696, SharedBaseAddress: 0x000001b680000000, ArchiveRelocationMode: 1.
Compressed class space mapped at: 0x000001b681000000-0x000001b6c1000000, reserved size: 1073741824
Narrow klass base: 0x000001b680000000, Narrow klass shift: 0, Narrow klass range: 0x100000000

GC Precious Log:
 CardTable entry size: 512
 CPUs: 16 total, 16 available
 Memory: 19724M
 Large Page Support: Disabled
 NUMA Support: Disabled
 Compressed Oops: Enabled (32-bit)
 Alignments: Space 512K, Generation 512K, Heap 2M
 Heap Min Capacity: 100M
 Heap Initial Capacity: 100M
 Heap Max Capacity: 2G
 Pre-touch: Disabled
 Parallel Workers: 13

Heap:
 PSYoungGen      total 23040K, used 21158K [0x00000000d5580000, 0x00000000d6f80000, 0x0000000100000000)
  eden space 21504K, 91% used [0x00000000d5580000,0x00000000d68abf30,0x00000000d6a80000)
  from space 1536K, 99% used [0x00000000d6a80000,0x00000000d6bfda48,0x00000000d6c00000)
  to   space 2560K, 0% used [0x00000000d6d00000,0x00000000d6d00000,0x00000000d6f80000)
 ParOldGen       total 76800K, used 65914K [0x0000000080000000, 0x0000000084b00000, 0x00000000d5580000)
  object space 76800K, 85% used [0x0000000080000000,0x000000008405e8f0,0x0000000084b00000)
 Metaspace       used 58753K, committed 60224K, reserved 1114112K
  class space    used 6306K, committed 6912K, reserved 1048576K

Card table byte_map: [0x000001b6d2b10000,0x000001b6d2f20000] _byte_map_base: 0x000001b6d2710000

Marking Bits: (ParMarkBitMap*) 0x00007ff9b3b62460
 Begin Bits: [0x000001b6e5620000, 0x000001b6e7620000)
 End Bits:   [0x000001b6e7620000, 0x000001b6e9620000)

Polling page: 0x000001b6d0f10000

Metaspace:

Usage:
  Non-class:     51.22 MB used.
      Class:      6.16 MB used.
       Both:     57.38 MB used.

Virtual space:
  Non-class space:       64.00 MB reserved,      52.06 MB ( 81%) committed,  1 nodes.
      Class space:        1.00 GB reserved,       6.75 MB ( <1%) committed,  1 nodes.
             Both:        1.06 GB reserved,      58.81 MB (  5%) committed. 

Chunk freelists:
   Non-Class:  11.53 MB
       Class:  9.08 MB
        Both:  20.61 MB

MaxMetaspaceSize: unlimited
CompressedClassSpaceSize: 1.00 GB
Initial GC threshold: 21.00 MB
Current GC threshold: 97.31 MB
CDS: on
 - commit_granule_bytes: 65536.
 - commit_granule_words: 8192.
 - virtual_space_node_default_size: 8388608.
 - enlarge_chunks_in_place: 1.
 - use_allocation_guard: 0.


Internal statistics:

num_allocs_failed_limit: 11.
num_arena_births: 1126.
num_arena_deaths: 22.
num_vsnodes_births: 2.
num_vsnodes_deaths: 0.
num_space_committed: 941.
num_space_uncommitted: 0.
num_chunks_returned_to_freelist: 37.
num_chunks_taken_from_freelist: 3707.
num_chunk_merges: 16.
num_chunk_splits: 2252.
num_chunks_enlarged: 1234.
num_inconsistent_stats: 0.

CodeHeap 'non-profiled nmethods': size=119168Kb used=6761Kb max_used=6831Kb free=112406Kb
 bounds [0x000001b6ddf10000, 0x000001b6de5c0000, 0x000001b6e5370000]
CodeHeap 'profiled nmethods': size=119104Kb used=22053Kb max_used=22620Kb free=97050Kb
 bounds [0x000001b6d6370000, 0x000001b6d7990000, 0x000001b6dd7c0000]
CodeHeap 'non-nmethods': size=7488Kb used=1486Kb max_used=3198Kb free=6001Kb
 bounds [0x000001b6dd7c0000, 0x000001b6ddb30000, 0x000001b6ddf10000]
CodeCache: size=245760Kb, used=30300Kb, max_used=32649Kb, free=215457Kb
 total_blobs=10717, nmethods=9978, adapters=643, full_count=0
Compilation: enabled, stopped_count=0, restarted_count=0

Compilation events (20 events):
Event: 34.375 Thread 0x000001b6d322e2d0 10798       3       java.lang.invoke.LambdaForm$MH/0x000001b681017000::invoke (32 bytes)
Event: 34.375 Thread 0x000001b6d322e2d0 nmethod 10798 0x000001b6d6c4bf10 code [0x000001b6d6c4c0e0, 0x000001b6d6c4c5a0]
Event: 34.375 Thread 0x000001b6d322e2d0 10799       3       java.lang.invoke.DirectMethodHandle$Holder::invokeStatic (21 bytes)
Event: 34.376 Thread 0x000001b6d322e2d0 nmethod 10799 0x000001b6d6651490 code [0x000001b6d6651660, 0x000001b6d6651b40]
Event: 34.376 Thread 0x000001b6d322e2d0 10800       3       java.lang.StringConcatHelper::mix (11 bytes)
Event: 34.376 Thread 0x000001b6d322e2d0 nmethod 10800 0x000001b6d6e21a90 code [0x000001b6d6e21c60, 0x000001b6d6e21ed0]
Event: 34.376 Thread 0x000001b6d322e2d0 10801       3       java.lang.StringConcatHelper::prepend (22 bytes)
Event: 34.376 Thread 0x000001b6d322e2d0 nmethod 10801 0x000001b6d6653310 code [0x000001b6d66534e0, 0x000001b6d6653770]
Event: 34.376 Thread 0x000001b6d322e2d0 10802       3       java.lang.StringConcatHelper::prepend (30 bytes)
Event: 34.376 Thread 0x000001b6d322e2d0 nmethod 10802 0x000001b6d64f8a10 code [0x000001b6d64f8be0, 0x000001b6d64f8db8]
Event: 34.658 Thread 0x000001b6d322e2d0 10803       3       java.util.jar.JarFile::getManEntry (39 bytes)
Event: 34.659 Thread 0x000001b6d322e2d0 nmethod 10803 0x000001b6d6a1d610 code [0x000001b6d6a1d7e0, 0x000001b6d6a1db58]
Event: 34.968 Thread 0x000001b6d322e2d0 10804       3       java.util.jar.Manifest::<init> (38 bytes)
Event: 34.969 Thread 0x000001b6d322e2d0 nmethod 10804 0x000001b6d6ce4a10 code [0x000001b6d6ce4c00, 0x000001b6d6ce5178]
Event: 35.003 Thread 0x000001b6d322e2d0 10805       3       java.lang.invoke.LambdaForm$MH/0x000001b681221400::invoke (75 bytes)
Event: 35.004 Thread 0x000001b6d322e2d0 nmethod 10805 0x000001b6d6491010 code [0x000001b6d6491240, 0x000001b6d6491b60]
Event: 35.004 Thread 0x000001b6d322e2d0 10806       3       java.lang.invoke.LambdaForm$MH/0x000001b681221000::invoke (27 bytes)
Event: 35.004 Thread 0x000001b6d322e2d0 nmethod 10806 0x000001b6d6e10190 code [0x000001b6d6e10360, 0x000001b6d6e10708]
Event: 35.004 Thread 0x000001b6d322e2d0 10807       3       java.util.jar.JarFile::getVersionedEntry (133 bytes)
Event: 35.005 Thread 0x000001b6d322e2d0 nmethod 10807 0x000001b6d64bc110 code [0x000001b6d64bc3e0, 0x000001b6d64bd108]

GC Heap History (20 events):
Event: 30.226 GC heap before
{Heap before GC invocations=43 (full 2):
 PSYoungGen      total 23040K, used 22691K [0x00000000d5580000, 0x00000000d6e00000, 0x0000000100000000)
  eden space 21504K, 100% used [0x00000000d5580000,0x00000000d6a80000,0x00000000d6a80000)
  from space 1536K, 77% used [0x00000000d6c80000,0x00000000d6da8df8,0x00000000d6e00000)
  to   space 1536K, 0% used [0x00000000d6a80000,0x00000000d6a80000,0x00000000d6c00000)
 ParOldGen       total 73216K, used 72946K [0x0000000080000000, 0x0000000084780000, 0x00000000d5580000)
  object space 73216K, 99% used [0x0000000080000000,0x000000008473c940,0x0000000084780000)
 Metaspace       used 58117K, committed 59648K, reserved 1114112K
  class space    used 6262K, committed 6912K, reserved 1048576K
}
Event: 30.227 GC heap after
{Heap after GC invocations=43 (full 2):
 PSYoungGen      total 23040K, used 1273K [0x00000000d5580000, 0x00000000d6d80000, 0x0000000100000000)
  eden space 21504K, 0% used [0x00000000d5580000,0x00000000d5580000,0x00000000d6a80000)
  from space 1536K, 82% used [0x00000000d6a80000,0x00000000d6bbe4e0,0x00000000d6c00000)
  to   space 1536K, 0% used [0x00000000d6c00000,0x00000000d6c00000,0x00000000d6d80000)
 ParOldGen       total 74240K, used 73863K [0x0000000080000000, 0x0000000084880000, 0x00000000d5580000)
  object space 74240K, 99% used [0x0000000080000000,0x0000000084821e60,0x0000000084880000)
 Metaspace       used 58117K, committed 59648K, reserved 1114112K
  class space    used 6262K, committed 6912K, reserved 1048576K
}
Event: 30.428 GC heap before
{Heap before GC invocations=44 (full 2):
 PSYoungGen      total 23040K, used 22777K [0x00000000d5580000, 0x00000000d6d80000, 0x0000000100000000)
  eden space 21504K, 99% used [0x00000000d5580000,0x00000000d6a7fff8,0x00000000d6a80000)
  from space 1536K, 82% used [0x00000000d6a80000,0x00000000d6bbe4e0,0x00000000d6c00000)
  to   space 1536K, 0% used [0x00000000d6c00000,0x00000000d6c00000,0x00000000d6d80000)
 ParOldGen       total 74240K, used 73863K [0x0000000080000000, 0x0000000084880000, 0x00000000d5580000)
  object space 74240K, 99% used [0x0000000080000000,0x0000000084821e60,0x0000000084880000)
 Metaspace       used 58172K, committed 59648K, reserved 1114112K
  class space    used 6263K, committed 6912K, reserved 1048576K
}
Event: 30.429 GC heap after
{Heap after GC invocations=44 (full 2):
 PSYoungGen      total 23040K, used 992K [0x00000000d5580000, 0x00000000d6d80000, 0x0000000100000000)
  eden space 21504K, 0% used [0x00000000d5580000,0x00000000d5580000,0x00000000d6a80000)
  from space 1536K, 64% used [0x00000000d6c00000,0x00000000d6cf8000,0x00000000d6d80000)
  to   space 1536K, 0% used [0x00000000d6a80000,0x00000000d6a80000,0x00000000d6c00000)
 ParOldGen       total 75264K, used 74820K [0x0000000080000000, 0x0000000084980000, 0x00000000d5580000)
  object space 75264K, 99% used [0x0000000080000000,0x00000000849113c8,0x0000000084980000)
 Metaspace       used 58172K, committed 59648K, reserved 1114112K
  class space    used 6263K, committed 6912K, reserved 1048576K
}
Event: 31.197 GC heap before
{Heap before GC invocations=45 (full 2):
 PSYoungGen      total 23040K, used 22496K [0x00000000d5580000, 0x00000000d6d80000, 0x0000000100000000)
  eden space 21504K, 100% used [0x00000000d5580000,0x00000000d6a80000,0x00000000d6a80000)
  from space 1536K, 64% used [0x00000000d6c00000,0x00000000d6cf8000,0x00000000d6d80000)
  to   space 1536K, 0% used [0x00000000d6a80000,0x00000000d6a80000,0x00000000d6c00000)
 ParOldGen       total 75264K, used 74820K [0x0000000080000000, 0x0000000084980000, 0x00000000d5580000)
  object space 75264K, 99% used [0x0000000080000000,0x00000000849113c8,0x0000000084980000)
 Metaspace       used 58293K, committed 59776K, reserved 1114112K
  class space    used 6266K, committed 6912K, reserved 1048576K
}
Event: 31.198 GC heap after
{Heap after GC invocations=45 (full 2):
 PSYoungGen      total 23040K, used 1472K [0x00000000d5580000, 0x00000000d6e80000, 0x0000000100000000)
  eden space 21504K, 0% used [0x00000000d5580000,0x00000000d5580000,0x00000000d6a80000)
  from space 1536K, 95% used [0x00000000d6a80000,0x00000000d6bf0000,0x00000000d6c00000)
  to   space 2048K, 0% used [0x00000000d6c80000,0x00000000d6c80000,0x00000000d6e80000)
 ParOldGen       total 75264K, used 75251K [0x0000000080000000, 0x0000000084980000, 0x00000000d5580000)
  object space 75264K, 99% used [0x0000000080000000,0x000000008497ce60,0x0000000084980000)
 Metaspace       used 58293K, committed 59776K, reserved 1114112K
  class space    used 6266K, committed 6912K, reserved 1048576K
}
Event: 31.283 GC heap before
{Heap before GC invocations=46 (full 2):
 PSYoungGen      total 23040K, used 4911K [0x00000000d5580000, 0x00000000d6e80000, 0x0000000100000000)
  eden space 21504K, 15% used [0x00000000d5580000,0x00000000d58dbf10,0x00000000d6a80000)
  from space 1536K, 95% used [0x00000000d6a80000,0x00000000d6bf0000,0x00000000d6c00000)
  to   space 2048K, 0% used [0x00000000d6c80000,0x00000000d6c80000,0x00000000d6e80000)
 ParOldGen       total 75264K, used 75251K [0x0000000080000000, 0x0000000084980000, 0x00000000d5580000)
  object space 75264K, 99% used [0x0000000080000000,0x000000008497ce60,0x0000000084980000)
 Metaspace       used 58357K, committed 59776K, reserved 1114112K
  class space    used 6267K, committed 6912K, reserved 1048576K
}
Event: 31.285 GC heap after
{Heap after GC invocations=46 (full 2):
 PSYoungGen      total 22016K, used 480K [0x00000000d5580000, 0x00000000d6d00000, 0x0000000100000000)
  eden space 21504K, 0% used [0x00000000d5580000,0x00000000d5580000,0x00000000d6a80000)
  from space 512K, 93% used [0x00000000d6c80000,0x00000000d6cf8000,0x00000000d6d00000)
  to   space 1024K, 0% used [0x00000000d6b00000,0x00000000d6b00000,0x00000000d6c00000)
 ParOldGen       total 76800K, used 76421K [0x0000000080000000, 0x0000000084b00000, 0x00000000d5580000)
  object space 76800K, 99% used [0x0000000080000000,0x0000000084aa1450,0x0000000084b00000)
 Metaspace       used 58357K, committed 59776K, reserved 1114112K
  class space    used 6267K, committed 6912K, reserved 1048576K
}
Event: 31.285 GC heap before
{Heap before GC invocations=47 (full 3):
 PSYoungGen      total 22016K, used 480K [0x00000000d5580000, 0x00000000d6d00000, 0x0000000100000000)
  eden space 21504K, 0% used [0x00000000d5580000,0x00000000d5580000,0x00000000d6a80000)
  from space 512K, 93% used [0x00000000d6c80000,0x00000000d6cf8000,0x00000000d6d00000)
  to   space 1024K, 0% used [0x00000000d6b00000,0x00000000d6b00000,0x00000000d6c00000)
 ParOldGen       total 76800K, used 76421K [0x0000000080000000, 0x0000000084b00000, 0x00000000d5580000)
  object space 76800K, 99% used [0x0000000080000000,0x0000000084aa1450,0x0000000084b00000)
 Metaspace       used 58357K, committed 59776K, reserved 1114112K
  class space    used 6267K, committed 6912K, reserved 1048576K
}
Event: 31.416 GC heap after
{Heap after GC invocations=47 (full 3):
 PSYoungGen      total 22016K, used 0K [0x00000000d5580000, 0x00000000d6d00000, 0x0000000100000000)
  eden space 21504K, 0% used [0x00000000d5580000,0x00000000d5580000,0x00000000d6a80000)
  from space 512K, 0% used [0x00000000d6c80000,0x00000000d6c80000,0x00000000d6d00000)
  to   space 1024K, 0% used [0x00000000d6b00000,0x00000000d6b00000,0x00000000d6c00000)
 ParOldGen       total 76800K, used 63005K [0x0000000080000000, 0x0000000084b00000, 0x00000000d5580000)
  object space 76800K, 82% used [0x0000000080000000,0x0000000083d87708,0x0000000084b00000)
 Metaspace       used 58351K, committed 59776K, reserved 1114112K
  class space    used 6265K, committed 6912K, reserved 1048576K
}
Event: 32.431 GC heap before
{Heap before GC invocations=48 (full 3):
 PSYoungGen      total 22016K, used 21504K [0x00000000d5580000, 0x00000000d6d00000, 0x0000000100000000)
  eden space 21504K, 100% used [0x00000000d5580000,0x00000000d6a80000,0x00000000d6a80000)
  from space 512K, 0% used [0x00000000d6c80000,0x00000000d6c80000,0x00000000d6d00000)
  to   space 1024K, 0% used [0x00000000d6b00000,0x00000000d6b00000,0x00000000d6c00000)
 ParOldGen       total 76800K, used 63005K [0x0000000080000000, 0x0000000084b00000, 0x00000000d5580000)
  object space 76800K, 82% used [0x0000000080000000,0x0000000083d87708,0x0000000084b00000)
 Metaspace       used 58705K, committed 60160K, reserved 1114112K
  class space    used 6303K, committed 6912K, reserved 1048576K
}
Event: 32.432 GC heap after
{Heap after GC invocations=48 (full 3):
 PSYoungGen      total 22528K, used 1022K [0x00000000d5580000, 0x00000000d6d80000, 0x0000000100000000)
  eden space 21504K, 0% used [0x00000000d5580000,0x00000000d5580000,0x00000000d6a80000)
  from space 1024K, 99% used [0x00000000d6b00000,0x00000000d6bff9f0,0x00000000d6c00000)
  to   space 1536K, 0% used [0x00000000d6c00000,0x00000000d6c00000,0x00000000d6d80000)
 ParOldGen       total 76800K, used 63045K [0x0000000080000000, 0x0000000084b00000, 0x00000000d5580000)
  object space 76800K, 82% used [0x0000000080000000,0x0000000083d91708,0x0000000084b00000)
 Metaspace       used 58705K, committed 60160K, reserved 1114112K
  class space    used 6303K, committed 6912K, reserved 1048576K
}
Event: 33.070 GC heap before
{Heap before GC invocations=49 (full 3):
 PSYoungGen      total 22528K, used 22526K [0x00000000d5580000, 0x00000000d6d80000, 0x0000000100000000)
  eden space 21504K, 100% used [0x00000000d5580000,0x00000000d6a80000,0x00000000d6a80000)
  from space 1024K, 99% used [0x00000000d6b00000,0x00000000d6bff9f0,0x00000000d6c00000)
  to   space 1536K, 0% used [0x00000000d6c00000,0x00000000d6c00000,0x00000000d6d80000)
 ParOldGen       total 76800K, used 63045K [0x0000000080000000, 0x0000000084b00000, 0x00000000d5580000)
  object space 76800K, 82% used [0x0000000080000000,0x0000000083d91708,0x0000000084b00000)
 Metaspace       used 58711K, committed 60160K, reserved 1114112K
  class space    used 6303K, committed 6912K, reserved 1048576K
}
Event: 33.071 GC heap after
{Heap after GC invocations=49 (full 3):
 PSYoungGen      total 22528K, used 941K [0x00000000d5580000, 0x00000000d6d00000, 0x0000000100000000)
  eden space 21504K, 0% used [0x00000000d5580000,0x00000000d5580000,0x00000000d6a80000)
  from space 1024K, 91% used [0x00000000d6c00000,0x00000000d6ceb698,0x00000000d6d00000)
  to   space 1024K, 0% used [0x00000000d6b00000,0x00000000d6b00000,0x00000000d6c00000)
 ParOldGen       total 76800K, used 63792K [0x0000000080000000, 0x0000000084b00000, 0x00000000d5580000)
  object space 76800K, 83% used [0x0000000080000000,0x0000000083e4c3a8,0x0000000084b00000)
 Metaspace       used 58711K, committed 60160K, reserved 1114112K
  class space    used 6303K, committed 6912K, reserved 1048576K
}
Event: 33.910 GC heap before
{Heap before GC invocations=50 (full 3):
 PSYoungGen      total 22528K, used 22445K [0x00000000d5580000, 0x00000000d6d00000, 0x0000000100000000)
  eden space 21504K, 100% used [0x00000000d5580000,0x00000000d6a80000,0x00000000d6a80000)
  from space 1024K, 91% used [0x00000000d6c00000,0x00000000d6ceb698,0x00000000d6d00000)
  to   space 1024K, 0% used [0x00000000d6b00000,0x00000000d6b00000,0x00000000d6c00000)
 ParOldGen       total 76800K, used 63792K [0x0000000080000000, 0x0000000084b00000, 0x00000000d5580000)
  object space 76800K, 83% used [0x0000000080000000,0x0000000083e4c3a8,0x0000000084b00000)
 Metaspace       used 58713K, committed 60160K, reserved 1114112K
  class space    used 6303K, committed 6912K, reserved 1048576K
}
Event: 33.911 GC heap after
{Heap after GC invocations=50 (full 3):
 PSYoungGen      total 22528K, used 917K [0x00000000d5580000, 0x00000000d6c80000, 0x0000000100000000)
  eden space 21504K, 0% used [0x00000000d5580000,0x00000000d5580000,0x00000000d6a80000)
  from space 1024K, 89% used [0x00000000d6b00000,0x00000000d6be5690,0x00000000d6c00000)
  to   space 512K, 0% used [0x00000000d6c00000,0x00000000d6c00000,0x00000000d6c80000)
 ParOldGen       total 76800K, used 64355K [0x0000000080000000, 0x0000000084b00000, 0x00000000d5580000)
  object space 76800K, 83% used [0x0000000080000000,0x0000000083ed8fd8,0x0000000084b00000)
 Metaspace       used 58713K, committed 60160K, reserved 1114112K
  class space    used 6303K, committed 6912K, reserved 1048576K
}
Event: 34.354 GC heap before
{Heap before GC invocations=51 (full 3):
 PSYoungGen      total 22528K, used 22421K [0x00000000d5580000, 0x00000000d6c80000, 0x0000000100000000)
  eden space 21504K, 100% used [0x00000000d5580000,0x00000000d6a80000,0x00000000d6a80000)
  from space 1024K, 89% used [0x00000000d6b00000,0x00000000d6be5690,0x00000000d6c00000)
  to   space 512K, 0% used [0x00000000d6c00000,0x00000000d6c00000,0x00000000d6c80000)
 ParOldGen       total 76800K, used 64355K [0x0000000080000000, 0x0000000084b00000, 0x00000000d5580000)
  object space 76800K, 83% used [0x0000000080000000,0x0000000083ed8fd8,0x0000000084b00000)
 Metaspace       used 58716K, committed 60160K, reserved 1114112K
  class space    used 6303K, committed 6912K, reserved 1048576K
}
Event: 34.355 GC heap after
{Heap after GC invocations=51 (full 3):
 PSYoungGen      total 22016K, used 486K [0x00000000d5580000, 0x00000000d6d80000, 0x0000000100000000)
  eden space 21504K, 0% used [0x00000000d5580000,0x00000000d5580000,0x00000000d6a80000)
  from space 512K, 95% used [0x00000000d6c00000,0x00000000d6c79aa0,0x00000000d6c80000)
  to   space 1536K, 0% used [0x00000000d6a80000,0x00000000d6a80000,0x00000000d6c00000)
 ParOldGen       total 76800K, used 65248K [0x0000000080000000, 0x0000000084b00000, 0x00000000d5580000)
  object space 76800K, 84% used [0x0000000080000000,0x0000000083fb8298,0x0000000084b00000)
 Metaspace       used 58716K, committed 60160K, reserved 1114112K
  class space    used 6303K, committed 6912K, reserved 1048576K
}
Event: 34.500 GC heap before
{Heap before GC invocations=52 (full 3):
 PSYoungGen      total 22016K, used 21990K [0x00000000d5580000, 0x00000000d6d80000, 0x0000000100000000)
  eden space 21504K, 100% used [0x00000000d5580000,0x00000000d6a80000,0x00000000d6a80000)
  from space 512K, 95% used [0x00000000d6c00000,0x00000000d6c79aa0,0x00000000d6c80000)
  to   space 1536K, 0% used [0x00000000d6a80000,0x00000000d6a80000,0x00000000d6c00000)
 ParOldGen       total 76800K, used 65248K [0x0000000080000000, 0x0000000084b00000, 0x00000000d5580000)
  object space 76800K, 84% used [0x0000000080000000,0x0000000083fb8298,0x0000000084b00000)
 Metaspace       used 58750K, committed 60224K, reserved 1114112K
  class space    used 6306K, committed 6912K, reserved 1048576K
}
Event: 34.501 GC heap after
{Heap after GC invocations=52 (full 3):
 PSYoungGen      total 23040K, used 1526K [0x00000000d5580000, 0x00000000d6f80000, 0x0000000100000000)
  eden space 21504K, 0% used [0x00000000d5580000,0x00000000d5580000,0x00000000d6a80000)
  from space 1536K, 99% used [0x00000000d6a80000,0x00000000d6bfda48,0x00000000d6c00000)
  to   space 2560K, 0% used [0x00000000d6d00000,0x00000000d6d00000,0x00000000d6f80000)
 ParOldGen       total 76800K, used 65914K [0x0000000080000000, 0x0000000084b00000, 0x00000000d5580000)
  object space 76800K, 85% used [0x0000000080000000,0x000000008405e8f0,0x0000000084b00000)
 Metaspace       used 58750K, committed 60224K, reserved 1114112K
  class space    used 6306K, committed 6912K, reserved 1048576K
}

Dll operation events (12 events):
Event: 0.009 Loaded shared library c:\Users\Angel\.vscode\extensions\redhat.java-1.50.0-win32-x64\jre\21.0.9-win32-x86_64\bin\java.dll
Event: 0.065 Loaded shared library c:\Users\Angel\.vscode\extensions\redhat.java-1.50.0-win32-x64\jre\21.0.9-win32-x86_64\bin\zip.dll
Event: 0.083 Loaded shared library C:\Users\Angel\.vscode\extensions\redhat.java-1.50.0-win32-x64\jre\21.0.9-win32-x86_64\bin\instrument.dll
Event: 0.097 Loaded shared library C:\Users\Angel\.vscode\extensions\redhat.java-1.50.0-win32-x64\jre\21.0.9-win32-x86_64\bin\net.dll
Event: 0.141 Loaded shared library C:\Users\Angel\.vscode\extensions\redhat.java-1.50.0-win32-x64\jre\21.0.9-win32-x86_64\bin\nio.dll
Event: 0.146 Loaded shared library C:\Users\Angel\.vscode\extensions\redhat.java-1.50.0-win32-x64\jre\21.0.9-win32-x86_64\bin\zip.dll
Event: 0.166 Loaded shared library C:\Users\Angel\.vscode\extensions\redhat.java-1.50.0-win32-x64\jre\21.0.9-win32-x86_64\bin\jimage.dll
Event: 0.279 Loaded shared library c:\Users\Angel\.vscode\extensions\redhat.java-1.50.0-win32-x64\jre\21.0.9-win32-x86_64\bin\verify.dll
Event: 5.855 Loaded shared library C:\Users\Angel\AppData\Roaming\Code\User\globalStorage\redhat.java\1.50.0\config_win\org.eclipse.equinox.launcher\org.eclipse.equinox.launcher.win32.win32.x86_64_1.2.1400.v20250801-0854\eclipse_11916.dll
Event: 16.985 Loaded shared library C:\Users\Angel\AppData\Local\Temp\jna-63408097\jna9854696364684498240.dll
Event: 18.751 Loaded shared library C:\Users\Angel\.vscode\extensions\redhat.java-1.50.0-win32-x64\jre\21.0.9-win32-x86_64\bin\sunmscapi.dll
Event: 18.921 Loaded shared library C:\Users\Angel\.vscode\extensions\redhat.java-1.50.0-win32-x64\jre\21.0.9-win32-x86_64\bin\extnet.dll

Deoptimization events (20 events):
Event: 31.508 Thread 0x000001b6f4eb3760 DEOPT PACKING pc=0x000001b6d6cbabfb sp=0x0000005f859fe350
Event: 31.508 Thread 0x000001b6f4eb3760 DEOPT UNPACKING pc=0x000001b6dd814242 sp=0x0000005f859fd7c0 mode 0
Event: 31.509 Thread 0x000001b6f4eb3760 DEOPT PACKING pc=0x000001b6d6cbabfb sp=0x0000005f859fe350
Event: 31.509 Thread 0x000001b6f4eb3760 DEOPT UNPACKING pc=0x000001b6dd814242 sp=0x0000005f859fd7c0 mode 0
Event: 31.522 Thread 0x000001b6f4eb3760 DEOPT PACKING pc=0x000001b6d6cbabfb sp=0x0000005f859fe350
Event: 31.522 Thread 0x000001b6f4eb3760 DEOPT UNPACKING pc=0x000001b6dd814242 sp=0x0000005f859fd7c0 mode 0
Event: 33.898 Thread 0x000001b6f6d00e20 DEOPT PACKING pc=0x000001b6d74a34bb sp=0x0000005f868fd7b0
Event: 33.898 Thread 0x000001b6f6d00e20 DEOPT UNPACKING pc=0x000001b6dd814242 sp=0x0000005f868fcce8 mode 0
Event: 34.360 Thread 0x000001b6f6d00e20 Uncommon trap: trap_request=0xffffff45 fr.pc=0x000001b6ddf6ecd4 relative=0x0000000000000d14
Event: 34.360 Thread 0x000001b6f6d00e20 Uncommon trap: reason=unstable_if action=reinterpret pc=0x000001b6ddf6ecd4 method=java.util.Properties$LineReader.readLine()I @ 182 c2
Event: 34.360 Thread 0x000001b6f6d00e20 DEOPT PACKING pc=0x000001b6ddf6ecd4 sp=0x0000005f868fc350
Event: 34.360 Thread 0x000001b6f6d00e20 DEOPT UNPACKING pc=0x000001b6dd813aa2 sp=0x0000005f868fc2e0 mode 2
Event: 34.360 Thread 0x000001b6f6d00e20 Uncommon trap: trap_request=0xffffff76 fr.pc=0x000001b6de56b7fc relative=0x000000000000085c
Event: 34.360 Thread 0x000001b6f6d00e20 Uncommon trap: reason=predicate action=maybe_recompile pc=0x000001b6de56b7fc method=java.util.Properties.load0(Ljava/util/Properties$LineReader;)V @ 14 c2
Event: 34.360 Thread 0x000001b6f6d00e20 DEOPT PACKING pc=0x000001b6de56b7fc sp=0x0000005f868fc3e0
Event: 34.360 Thread 0x000001b6f6d00e20 DEOPT UNPACKING pc=0x000001b6dd813aa2 sp=0x0000005f868fc380 mode 2
Event: 34.361 Thread 0x000001b6f6d00e20 Uncommon trap: trap_request=0xffffff76 fr.pc=0x000001b6de52b12c relative=0x000000000000088c
Event: 34.361 Thread 0x000001b6f6d00e20 Uncommon trap: reason=predicate action=maybe_recompile pc=0x000001b6de52b12c method=java.util.Properties.load0(Ljava/util/Properties$LineReader;)V @ 29 c2
Event: 34.361 Thread 0x000001b6f6d00e20 DEOPT PACKING pc=0x000001b6de52b12c sp=0x0000005f868fc3e0
Event: 34.361 Thread 0x000001b6f6d00e20 DEOPT UNPACKING pc=0x000001b6dd813aa2 sp=0x0000005f868fc388 mode 2

Classes loaded (20 events):
Event: 21.906 Loading class java/nio/channels/Channels$ReadableByteChannelImpl
Event: 21.906 Loading class java/nio/channels/Channels$ReadableByteChannelImpl done
Event: 21.907 Loading class java/nio/channels/NonWritableChannelException
Event: 21.908 Loading class java/nio/channels/NonWritableChannelException done
Event: 22.838 Loading class java/util/concurrent/CompletableFuture$UniApply
Event: 22.838 Loading class java/util/concurrent/CompletableFuture$UniApply done
Event: 22.838 Loading class java/util/concurrent/CompletableFuture$UniExceptionally
Event: 22.842 Loading class java/util/concurrent/CompletableFuture$UniExceptionally done
Event: 25.106 Loading class sun/security/ssl/Alert
Event: 25.107 Loading class sun/security/ssl/Alert done
Event: 25.107 Loading class sun/security/ssl/Alert$AlertConsumer
Event: 25.107 Loading class sun/security/ssl/Alert$AlertConsumer done
Event: 25.108 Loading class sun/security/ssl/Alert$Level
Event: 25.108 Loading class sun/security/ssl/Alert$Level done
Event: 31.282 Loading class sun/nio/cs/ISO_8859_1$Encoder
Event: 31.283 Loading class sun/nio/cs/ISO_8859_1$Encoder done
Event: 31.283 Loading class sun/nio/cs/Surrogate$Parser
Event: 31.283 Loading class sun/nio/cs/Surrogate$Parser done
Event: 31.283 Loading class sun/nio/cs/Surrogate
Event: 31.416 Loading class sun/nio/cs/Surrogate done

Classes unloaded (11 events):
Event: 17.452 Thread 0x000001b6d3104060 Unloading class 0x000001b6811a4000 'java/lang/invoke/LambdaForm$MH+0x000001b6811a4000'
Event: 17.452 Thread 0x000001b6d3104060 Unloading class 0x000001b6811a3c00 'java/lang/invoke/LambdaForm$MH+0x000001b6811a3c00'
Event: 17.452 Thread 0x000001b6d3104060 Unloading class 0x000001b6811a3800 'java/lang/invoke/LambdaForm$MH+0x000001b6811a3800'
Event: 17.452 Thread 0x000001b6d3104060 Unloading class 0x000001b6811a3400 'java/lang/invoke/LambdaForm$MH+0x000001b6811a3400'
Event: 17.452 Thread 0x000001b6d3104060 Unloading class 0x000001b6811a3000 'java/lang/invoke/LambdaForm$BMH+0x000001b6811a3000'
Event: 17.452 Thread 0x000001b6d3104060 Unloading class 0x000001b6811a2c00 'java/lang/invoke/LambdaForm$DMH+0x000001b6811a2c00'
Event: 17.452 Thread 0x000001b6d3104060 Unloading class 0x000001b6811a1800 'java/lang/invoke/LambdaForm$DMH+0x000001b6811a1800'
Event: 31.301 Thread 0x000001b6d3104060 Unloading class 0x000001b6816dd400 'java/lang/invoke/LambdaForm$DMH+0x000001b6816dd400'
Event: 31.301 Thread 0x000001b6d3104060 Unloading class 0x000001b6816dd000 'java/lang/invoke/LambdaForm$DMH+0x000001b6816dd000'
Event: 31.301 Thread 0x000001b6d3104060 Unloading class 0x000001b6816dcc00 'java/lang/invoke/LambdaForm$DMH+0x000001b6816dcc00'
Event: 31.301 Thread 0x000001b6d3104060 Unloading class 0x000001b6816dc800 'java/lang/invoke/LambdaForm$DMH+0x000001b6816dc800'

Classes redefined (0 events):
No events

Internal exceptions (20 events):
Event: 22.426 Thread 0x000001b6f4eb3760 Exception <a 'java/io/FileNotFoundException'{0x00000000d68c1af0}> (0x00000000d68c1af0) 
thrown [s\src\hotspot\share\prims\jni.cpp, line 520]
Event: 22.432 Thread 0x000001b6f4eb3760 Exception <a 'sun/nio/fs/WindowsException'{0x00000000d68fe758}> (0x00000000d68fe758) 
thrown [s\src\hotspot\share\prims\jni.cpp, line 520]
Event: 22.432 Thread 0x000001b6f4eb3760 Exception <a 'sun/nio/fs/WindowsException'{0x00000000d68feeb8}> (0x00000000d68feeb8) 
thrown [s\src\hotspot\share\prims\jni.cpp, line 520]
Event: 22.711 Thread 0x000001b6f4eb3760 Exception <a 'java/lang/NoSuchMethodError'{0x00000000d5a9c280}: 'void java.lang.invoke.DirectMethodHandle$Holder.invokeStatic(java.lang.Object, java.lang.Object, java.lang.Object, int)'> (0x00000000d5a9c280) 
thrown [s\src\hotspot\share\interpreter\linkResolver.cpp, line 773]
Event: 22.727 Thread 0x000001b6f4eb3760 Exception <a 'java/lang/NoSuchMethodError'{0x00000000d5af16c0}: 'void java.lang.invoke.DirectMethodHandle$Holder.invokeVirtual(java.lang.Object, java.lang.Object, int)'> (0x00000000d5af16c0) 
thrown [s\src\hotspot\share\interpreter\linkResolver.cpp, line 773]
Event: 22.835 Thread 0x000001b6f4eb4b10 Exception <a 'java/lang/IncompatibleClassChangeError'{0x00000000d5c3b3d8}: Found class java.lang.Object, but interface was expected> (0x00000000d5c3b3d8) 
thrown [s\src\hotspot\share\interpreter\linkResolver.cpp, line 840]
Event: 22.882 Thread 0x000001b6f4eba060 Exception <a 'java/lang/NoSuchMethodError'{0x00000000d5e84370}: 'java.lang.Object java.lang.invoke.DirectMethodHandle$Holder.invokeStaticInit(java.lang.Object, java.lang.Object, java.lang.Object)'> (0x00000000d5e84370) 
thrown [s\src\hotspot\share\interpreter\linkResolver.cpp, line 773]
Event: 23.615 Thread 0x000001b6f15e9c20 Exception <a 'sun/nio/fs/WindowsException'{0x00000000d6351128}> (0x00000000d6351128) 
thrown [s\src\hotspot\share\prims\jni.cpp, line 520]
Event: 23.615 Thread 0x000001b6f15e9c20 Exception <a 'sun/nio/fs/WindowsException'{0x00000000d6351ae8}> (0x00000000d6351ae8) 
thrown [s\src\hotspot\share\prims\jni.cpp, line 520]
Event: 23.657 Thread 0x000001b6f15e9c20 Exception <a 'java/lang/NoSuchMethodError'{0x00000000d6480680}: method resolution failed> (0x00000000d6480680) 
thrown [s\src\hotspot\share\prims\methodHandles.cpp, line 1136]
Event: 26.188 Thread 0x000001b6f4eb3760 Exception <a 'java/lang/NoSuchMethodError'{0x00000000d5dd0d58}: 'void java.lang.invoke.DirectMethodHandle$Holder.invokeInterface(java.lang.Object, java.lang.Object)'> (0x00000000d5dd0d58) 
thrown [s\src\hotspot\share\interpreter\linkResolver.cpp, line 773]
Event: 26.203 Thread 0x000001b6f6d02ef0 Exception <a 'java/lang/NoSuchMethodError'{0x00000000d5ec7bb0}: 'void java.lang.invoke.DirectMethodHandle$Holder.invokeSpecial(java.lang.Object, java.lang.Object, java.lang.Object, java.lang.Object, java.lang.Object, java.lang.Object, java.lang.Object, java.lang.Object)'> (0x00000000d5ec7bb0) 
thrown [s\src\hotspot\share\interpreter\linkResolver.cpp, line 773]
Event: 26.311 Thread 0x000001b6f6d04930 Implicit null exception at 0x000001b6de4a36cf to 0x000001b6de4a3a5c
Event: 27.086 Thread 0x000001b6f6d00e20 Implicit null exception at 0x000001b6de4ed0cb to 0x000001b6de4eda80
Event: 27.456 Thread 0x000001b6f6d00e20 Implicit null exception at 0x000001b6de42ffa8 to 0x000001b6de430868
Event: 30.927 Thread 0x000001b6f4eb3760 Implicit null exception at 0x000001b6de5359a2 to 0x000001b6de535b58
Event: 30.927 Thread 0x000001b6f4eb3760 Implicit null exception at 0x000001b6de5005a2 to 0x000001b6de500758
Event: 31.276 Thread 0x000001b6f4eb3760 Implicit null exception at 0x000001b6de58eb45 to 0x000001b6de58effc
Event: 31.430 Thread 0x000001b6f4eb3760 Exception <a 'sun/nio/fs/WindowsException'{0x00000000d55e64b0}> (0x00000000d55e64b0) 
thrown [s\src\hotspot\share\prims\jni.cpp, line 520]
Event: 31.431 Thread 0x000001b6f4eb3760 Exception <a 'sun/nio/fs/WindowsException'{0x00000000d55e6ec0}> (0x00000000d55e6ec0) 
thrown [s\src\hotspot\share\prims\jni.cpp, line 520]

ZGC Phase Switch (0 events):
No events

VM Operations (20 events):
Event: 30.226 Executing VM operation: ParallelGCFailedAllocation (Allocation Failure)
Event: 30.227 Executing VM operation: ParallelGCFailedAllocation (Allocation Failure) done
Event: 30.428 Executing VM operation: ParallelGCFailedAllocation (Allocation Failure)
Event: 30.429 Executing VM operation: ParallelGCFailedAllocation (Allocation Failure) done
Event: 31.196 Executing VM operation: ParallelGCFailedAllocation (Allocation Failure)
Event: 31.198 Executing VM operation: ParallelGCFailedAllocation (Allocation Failure) done
Event: 31.283 Executing VM operation: CollectForMetadataAllocation (Metadata GC Threshold)
Event: 31.416 Executing VM operation: CollectForMetadataAllocation (Metadata GC Threshold) done
Event: 32.424 Executing VM operation: Cleanup
Event: 32.424 Executing VM operation: Cleanup done
Event: 32.431 Executing VM operation: ParallelGCFailedAllocation (Allocation Failure)
Event: 32.432 Executing VM operation: ParallelGCFailedAllocation (Allocation Failure) done
Event: 33.069 Executing VM operation: ParallelGCFailedAllocation (Allocation Failure)
Event: 33.071 Executing VM operation: ParallelGCFailedAllocation (Allocation Failure) done
Event: 33.910 Executing VM operation: ParallelGCFailedAllocation (Allocation Failure)
Event: 33.911 Executing VM operation: ParallelGCFailedAllocation (Allocation Failure) done
Event: 34.354 Executing VM operation: ParallelGCFailedAllocation (Allocation Failure)
Event: 34.355 Executing VM operation: ParallelGCFailedAllocation (Allocation Failure) done
Event: 34.500 Executing VM operation: ParallelGCFailedAllocation (Allocation Failure)
Event: 34.501 Executing VM operation: ParallelGCFailedAllocation (Allocation Failure) done

Memory protections (0 events):
No events

Nmethod flushes (20 events):
Event: 31.338 Thread 0x000001b6d3104060 flushing  nmethod 0x000001b6d6d2bb10
Event: 31.338 Thread 0x000001b6d3104060 flushing  nmethod 0x000001b6d6d2c110
Event: 31.338 Thread 0x000001b6d3104060 flushing  nmethod 0x000001b6d6d2c810
Event: 31.338 Thread 0x000001b6d3104060 flushing  nmethod 0x000001b6d6d2d090
Event: 31.338 Thread 0x000001b6d3104060 flushing  nmethod 0x000001b6d6d31190
Event: 31.338 Thread 0x000001b6d3104060 flushing  nmethod 0x000001b6d6d5cf10
Event: 31.338 Thread 0x000001b6d3104060 flushing  nmethod 0x000001b6d6d67e10
Event: 31.338 Thread 0x000001b6d3104060 flushing  nmethod 0x000001b6d6da4210
Event: 31.338 Thread 0x000001b6d3104060 flushing  nmethod 0x000001b6d6db1090
Event: 31.338 Thread 0x000001b6d3104060 flushing  nmethod 0x000001b6d6e04190
Event: 31.338 Thread 0x000001b6d3104060 flushing  nmethod 0x000001b6d6e10190
Event: 31.338 Thread 0x000001b6d3104060 flushing  nmethod 0x000001b6d6e16e10
Event: 31.338 Thread 0x000001b6d3104060 flushing  nmethod 0x000001b6d6e17610
Event: 31.338 Thread 0x000001b6d3104060 flushing  nmethod 0x000001b6d6e17e90
Event: 31.338 Thread 0x000001b6d3104060 flushing  nmethod 0x000001b6d6e21a90
Event: 31.338 Thread 0x000001b6d3104060 flushing  nmethod 0x000001b6d6e25610
Event: 31.338 Thread 0x000001b6d3104060 flushing  nmethod 0x000001b6d6e25e90
Event: 31.338 Thread 0x000001b6d3104060 flushing  nmethod 0x000001b6d6e32c90
Event: 31.338 Thread 0x000001b6d3104060 flushing  nmethod 0x000001b6d6e3fb10
Event: 31.338 Thread 0x000001b6d3104060 flushing  nmethod 0x000001b6d6e48210

Events (20 events):
Event: 28.808 Thread 0x000001b6ec9c7e20 Thread exited: 0x000001b6ec9c7e20
Event: 28.810 Thread 0x000001b6f17619b0 Thread added: 0x000001b6f4502430
Event: 29.578 Thread 0x000001b6d322d5e0 Thread added: 0x000001b6f4502b00
Event: 29.579 Thread 0x000001b6f17619b0 Thread added: 0x000001b6f45031d0
Event: 29.579 Thread 0x000001b6f17619b0 Thread added: 0x000001b6f4501690
Event: 30.116 Thread 0x000001b6f4502b00 Thread exited: 0x000001b6f4502b00
Event: 30.116 Thread 0x000001b6f6d014b0 Thread exited: 0x000001b6f6d014b0
Event: 30.919 Thread 0x000001b6f6d00100 Thread exited: 0x000001b6f6d00100
Event: 30.919 Thread 0x000001b6f6d042a0 Thread exited: 0x000001b6f6d042a0
Event: 30.920 Thread 0x000001b6f6d04930 Thread exited: 0x000001b6f6d04930
Event: 30.920 Thread 0x000001b6f6d02ef0 Thread exited: 0x000001b6f6d02ef0
Event: 30.920 Thread 0x000001b6f6d03c10 Thread exited: 0x000001b6f6d03c10
Event: 30.937 Thread 0x000001b6d322d5e0 Thread added: 0x000001b6f4502b00
Event: 30.946 Thread 0x000001b6f45031d0 Thread added: 0x000001b6f45038a0
Event: 32.287 Thread 0x000001b6f4501690 Thread exited: 0x000001b6f4501690
Event: 32.287 Thread 0x000001b6f45031d0 Thread exited: 0x000001b6f45031d0
Event: 32.308 Thread 0x000001b6f17619b0 Thread exited: 0x000001b6f17619b0
Event: 32.444 Thread 0x000001b6f45038a0 Thread exited: 0x000001b6f45038a0
Event: 32.619 Thread 0x000001b6f4502b00 Thread exited: 0x000001b6f4502b00
Event: 32.619 Thread 0x000001b6f4502430 Thread exited: 0x000001b6f4502430


Dynamic libraries:
0x00007ff724680000 - 0x00007ff72468e000 	c:\Users\Angel\.vscode\extensions\redhat.java-1.50.0-win32-x64\jre\21.0.9-win32-x86_64\bin\java.exe
0x00007ffa68700000 - 0x00007ffa68968000 	C:\Windows\SYSTEM32\ntdll.dll
0x00007ffa66960000 - 0x00007ffa66a29000 	C:\Windows\System32\KERNEL32.DLL
0x00007ffa65d20000 - 0x00007ffa66118000 	C:\Windows\System32\KERNELBASE.dll
0x00007ffa65ba0000 - 0x00007ffa65ceb000 	C:\Windows\System32\ucrtbase.dll
0x00007ffa1d2f0000 - 0x00007ffa1d308000 	c:\Users\Angel\.vscode\extensions\redhat.java-1.50.0-win32-x64\jre\21.0.9-win32-x86_64\bin\jli.dll
0x00007ff9d88d0000 - 0x00007ff9d88ee000 	c:\Users\Angel\.vscode\extensions\redhat.java-1.50.0-win32-x64\jre\21.0.9-win32-x86_64\bin\VCRUNTIME140.dll
0x00007ffa66620000 - 0x00007ffa667e7000 	C:\Windows\System32\USER32.dll
0x00007ffa65cf0000 - 0x00007ffa65d17000 	C:\Windows\System32\win32u.dll
0x00007ffa64a60000 - 0x00007ffa64cf4000 	C:\Windows\WinSxS\amd64_microsoft.windows.common-controls_6595b64144ccf1df_6.0.26100.7019_none_3e06ffa0e335b8a8\COMCTL32.dll
0x00007ffa670f0000 - 0x00007ffa6711b000 	C:\Windows\System32\GDI32.dll
0x00007ffa66a40000 - 0x00007ffa66ae9000 	C:\Windows\System32\msvcrt.dll
0x00007ffa659c0000 - 0x00007ffa65aec000 	C:\Windows\System32\gdi32full.dll
0x00007ffa65af0000 - 0x00007ffa65b93000 	C:\Windows\System32\msvcp_win.dll
0x00007ffa665e0000 - 0x00007ffa66611000 	C:\Windows\System32\IMM32.DLL
0x00007ffa51ac0000 - 0x00007ffa51acc000 	c:\Users\Angel\.vscode\extensions\redhat.java-1.50.0-win32-x64\jre\21.0.9-win32-x86_64\bin\vcruntime140_1.dll
0x00007ff9b3c40000 - 0x00007ff9b3ccd000 	c:\Users\Angel\.vscode\extensions\redhat.java-1.50.0-win32-x64\jre\21.0.9-win32-x86_64\bin\msvcp140.dll
0x00007ff9b2ea0000 - 0x00007ff9b3c40000 	c:\Users\Angel\.vscode\extensions\redhat.java-1.50.0-win32-x64\jre\21.0.9-win32-x86_64\bin\server\jvm.dll
0x00007ffa67010000 - 0x00007ffa670c4000 	C:\Windows\System32\ADVAPI32.dll
0x00007ffa68250000 - 0x00007ffa682f6000 	C:\Windows\System32\sechost.dll
0x00007ffa68050000 - 0x00007ffa68168000 	C:\Windows\System32\RPCRT4.dll
0x00007ffa66b00000 - 0x00007ffa66b74000 	C:\Windows\System32\WS2_32.dll
0x00007ffa656b0000 - 0x00007ffa6570e000 	C:\Windows\SYSTEM32\POWRPROF.dll
0x00007ffa58600000 - 0x00007ffa58635000 	C:\Windows\SYSTEM32\WINMM.dll
0x00007ffa5cf30000 - 0x00007ffa5cf3b000 	C:\Windows\SYSTEM32\VERSION.dll
0x00007ffa65690000 - 0x00007ffa656a4000 	C:\Windows\SYSTEM32\UMPDC.dll
0x00007ffa63ce0000 - 0x00007ffa63cfb000 	C:\Windows\SYSTEM32\kernel.appcore.dll
0x00007ffa458b0000 - 0x00007ffa458ba000 	c:\Users\Angel\.vscode\extensions\redhat.java-1.50.0-win32-x64\jre\21.0.9-win32-x86_64\bin\jimage.dll
0x00007ffa65010000 - 0x00007ffa65252000 	C:\Windows\SYSTEM32\DBGHELP.DLL
0x00007ffa67cc0000 - 0x00007ffa6804b000 	C:\Windows\System32\combase.dll
0x00007ffa671a0000 - 0x00007ffa67277000 	C:\Windows\System32\OLEAUT32.dll
0x00007ffa64f00000 - 0x00007ffa64f3c000 	C:\Windows\SYSTEM32\dbgcore.DLL
0x00007ffa65850000 - 0x00007ffa658f5000 	C:\Windows\System32\bcryptPrimitives.dll
0x00007ffa43340000 - 0x00007ffa4334f000 	c:\Users\Angel\.vscode\extensions\redhat.java-1.50.0-win32-x64\jre\21.0.9-win32-x86_64\bin\instrument.dll
0x00007ff9d8330000 - 0x00007ff9d8350000 	c:\Users\Angel\.vscode\extensions\redhat.java-1.50.0-win32-x64\jre\21.0.9-win32-x86_64\bin\java.dll
0x00007ffa67280000 - 0x00007ffa679cf000 	C:\Windows\System32\SHELL32.dll
0x00007ffa66120000 - 0x00007ffa6628b000 	C:\Windows\System32\wintypes.dll
0x00007ffa62a20000 - 0x00007ffa6327d000 	C:\Windows\SYSTEM32\windows.storage.dll
0x00007ffa68300000 - 0x00007ffa683f2000 	C:\Windows\System32\SHCORE.dll
0x00007ffa67130000 - 0x00007ffa67197000 	C:\Windows\System32\shlwapi.dll
0x00007ffa65770000 - 0x00007ffa65799000 	C:\Windows\SYSTEM32\profapi.dll
0x00007ff9be5d0000 - 0x00007ff9be5e8000 	c:\Users\Angel\.vscode\extensions\redhat.java-1.50.0-win32-x64\jre\21.0.9-win32-x86_64\bin\zip.dll
0x00007ffa3fcb0000 - 0x00007ffa3fcc0000 	C:\Users\Angel\.vscode\extensions\redhat.java-1.50.0-win32-x64\jre\21.0.9-win32-x86_64\bin\net.dll
0x00007ffa5e4e0000 - 0x00007ffa5e608000 	C:\Windows\SYSTEM32\WINHTTP.dll
0x00007ffa64250000 - 0x00007ffa642bb000 	C:\Windows\system32\mswsock.dll
0x00007ff9b2e30000 - 0x00007ff9b2e46000 	C:\Users\Angel\.vscode\extensions\redhat.java-1.50.0-win32-x64\jre\21.0.9-win32-x86_64\bin\nio.dll
0x00007ffa3f740000 - 0x00007ffa3f750000 	c:\Users\Angel\.vscode\extensions\redhat.java-1.50.0-win32-x64\jre\21.0.9-win32-x86_64\bin\verify.dll
0x00007ffa2ac00000 - 0x00007ffa2ac44000 	C:\Users\Angel\AppData\Roaming\Code\User\globalStorage\redhat.java\1.50.0\config_win\org.eclipse.equinox.launcher\org.eclipse.equinox.launcher.win32.win32.x86_64_1.2.1400.v20250801-0854\eclipse_11916.dll
0x00007ffa68490000 - 0x00007ffa68627000 	C:\Windows\System32\ole32.dll
0x00007ffa65380000 - 0x00007ffa6539b000 	C:\Windows\SYSTEM32\CRYPTSP.dll
0x00007ffa64150000 - 0x00007ffa6418a000 	C:\Windows\system32\rsaenh.dll
0x00007ffa64300000 - 0x00007ffa6432b000 	C:\Windows\SYSTEM32\USERENV.dll
0x00007ffa65740000 - 0x00007ffa6576a000 	C:\Windows\SYSTEM32\bcrypt.dll
0x00007ffa647c0000 - 0x00007ffa647cc000 	C:\Windows\SYSTEM32\CRYPTBASE.dll
0x00007ffa63780000 - 0x00007ffa637b4000 	C:\Windows\SYSTEM32\IPHLPAPI.DLL
0x00007ffa67120000 - 0x00007ffa6712a000 	C:\Windows\System32\NSI.dll
0x00007ffa30b00000 - 0x00007ffa30b49000 	C:\Users\Angel\AppData\Local\Temp\jna-63408097\jna9854696364684498240.dll
0x00007ffa68630000 - 0x00007ffa68638000 	C:\Windows\System32\PSAPI.DLL
0x00007ffa5e750000 - 0x00007ffa5e76e000 	C:\Windows\SYSTEM32\dhcpcsvc6.DLL
0x00007ffa5e720000 - 0x00007ffa5e743000 	C:\Windows\SYSTEM32\dhcpcsvc.DLL
0x00007ffa54de0000 - 0x00007ffa54dee000 	C:\Users\Angel\.vscode\extensions\redhat.java-1.50.0-win32-x64\jre\21.0.9-win32-x86_64\bin\sunmscapi.dll
0x00007ffa66320000 - 0x00007ffa66497000 	C:\Windows\System32\CRYPT32.dll
0x00007ffa64920000 - 0x00007ffa64950000 	C:\Windows\SYSTEM32\ncrypt.dll
0x00007ffa648d0000 - 0x00007ffa6490f000 	C:\Windows\SYSTEM32\NTASN1.dll
0x00007ffa63820000 - 0x00007ffa6394c000 	C:\Windows\SYSTEM32\DNSAPI.dll
0x00007ffa5da90000 - 0x00007ffa5da9b000 	C:\Windows\System32\rasadhlp.dll
0x00007ffa5efc0000 - 0x00007ffa5f046000 	C:\Windows\System32\fwpuclnt.dll
0x00007ffa51b00000 - 0x00007ffa51b09000 	C:\Users\Angel\.vscode\extensions\redhat.java-1.50.0-win32-x64\jre\21.0.9-win32-x86_64\bin\extnet.dll

JVMTI agents:
c:\Users\Angel\.vscode\extensions\redhat.java-1.50.0-win32-x64\lombok\lombok-1.18.39-4050.jar path:c:\Users\Angel\.vscode\extensions\redhat.java-1.50.0-win32-x64\jre\21.0.9-win32-x86_64\bin\instrument.dll, loaded, initialized, instrumentlib options:none

dbghelp: loaded successfully - version: 4.0.5 - missing functions: none
symbol engine: initialized successfully - sym options: 0x614 - pdb path: .;c:\Users\Angel\.vscode\extensions\redhat.java-1.50.0-win32-x64\jre\21.0.9-win32-x86_64\bin;C:\Windows\SYSTEM32;C:\Windows\WinSxS\amd64_microsoft.windows.common-controls_6595b64144ccf1df_6.0.26100.7019_none_3e06ffa0e335b8a8;c:\Users\Angel\.vscode\extensions\redhat.java-1.50.0-win32-x64\jre\21.0.9-win32-x86_64\bin\server;C:\Users\Angel\AppData\Roaming\Code\User\globalStorage\redhat.java\1.50.0\config_win\org.eclipse.equinox.launcher\org.eclipse.equinox.launcher.win32.win32.x86_64_1.2.1400.v20250801-0854;C:\Users\Angel\AppData\Local\Temp\jna-63408097

VM Arguments:
jvm_args: --add-modules=ALL-SYSTEM --add-opens=java.base/java.util=ALL-UNNAMED --add-opens=java.base/java.lang=ALL-UNNAMED --add-opens=java.base/sun.nio.fs=ALL-UNNAMED -Declipse.application=org.eclipse.jdt.ls.core.id1 -Dosgi.bundles.defaultStartLevel=4 -Declipse.product=org.eclipse.jdt.ls.core.product -Djava.import.generatesMetadataFilesAtProjectRoot=false -DDetectVMInstallationsJob.disabled=true -Dfile.encoding=utf8 -XX:+UseParallelGC -XX:GCTimeRatio=4 -XX:AdaptiveSizePolicyWeight=90 -Dsun.zip.disableMemoryMapping=true -Xmx2G -Xms100m -Xlog:disable -javaagent:c:\Users\Angel\.vscode\extensions\redhat.java-1.50.0-win32-x64\lombok\lombok-1.18.39-4050.jar -XX:+HeapDumpOnOutOfMemoryError -XX:HeapDumpPath=c:\Users\Angel\AppData\Roaming\Code\User\workspaceStorage\591401a15d8a2f8f950499cbec7351e0\redhat.java -Daether.dependencyCollector.impl=bf 
java_command: c:\Users\Angel\.vscode\extensions\redhat.java-1.50.0-win32-x64\server\plugins\org.eclipse.equinox.launcher_1.7.100.v20251111-0406.jar -configuration c:\Users\Angel\AppData\Roaming\Code\User\globalStorage\redhat.java\1.50.0\config_win -data c:\Users\Angel\AppData\Roaming\Code\User\workspaceStorage\591401a15d8a2f8f950499cbec7351e0\redhat.java\jdt_ws --pipe=\\.\pipe\lsp-ca54b67b17ae834ad3b63bca4e84fc32-sock
java_class_path (initial): c:\Users\Angel\.vscode\extensions\redhat.java-1.50.0-win32-x64\server\plugins\org.eclipse.equinox.launcher_1.7.100.v20251111-0406.jar
Launcher Type: SUN_STANDARD

[Global flags]
    uintx AdaptiveSizePolicyWeight                 = 90                                        {product} {command line}
     intx CICompilerCount                          = 12                                        {product} {ergonomic}
    uintx GCTimeRatio                              = 4                                         {product} {command line}
     bool HeapDumpOnOutOfMemoryError               = true                                   {manageable} {command line}
    ccstr HeapDumpPath                             = c:\Users\Angel\AppData\Roaming\Code\User\workspaceStorage\591401a15d8a2f8f950499cbec7351e0\redhat.java         {manageable} {command line}
   size_t InitialHeapSize                          = 104857600                                 {product} {command line}
   size_t MaxHeapSize                              = 2147483648                                {product} {command line}
   size_t MaxNewSize                               = 715653120                                 {product} {ergonomic}
   size_t MinHeapDeltaBytes                        = 524288                                    {product} {ergonomic}
   size_t MinHeapSize                              = 104857600                                 {product} {command line}
   size_t NewSize                                  = 34603008                                  {product} {ergonomic}
    uintx NonNMethodCodeHeapSize                   = 7602480                                {pd product} {ergonomic}
    uintx NonProfiledCodeHeapSize                  = 122027880                              {pd product} {ergonomic}
   size_t OldSize                                  = 70254592                                  {product} {ergonomic}
    uintx ProfiledCodeHeapSize                     = 122027880                              {pd product} {ergonomic}
    uintx ReservedCodeCacheSize                    = 251658240                              {pd product} {ergonomic}
     bool SegmentedCodeCache                       = true                                      {product} {ergonomic}
   size_t SoftMaxHeapSize                          = 2147483648                             {manageable} {ergonomic}
     bool UseCompressedOops                        = true                           {product lp64_product} {ergonomic}
     bool UseLargePagesIndividualAllocation        = false                                  {pd product} {ergonomic}
     bool UseParallelGC                            = true                                      {product} {command line}

Logging:
Log output configuration:
 #0: stdout all=off uptime,level,tags foldmultilines=false
 #1: stderr all=off uptime,level,tags foldmultilines=false

Release file:
JAVA_VERSION="21.0.9" 
MODULES="java.base java.compiler java.datatransfer java.xml java.prefs java.desktop java.instrument java.logging java.management java.security.sasl java.naming java.rmi java.management.rmi java.net.http java.scripting java.security.jgss java.transaction.xa java.sql java.sql.rowset java.xml.crypto java.se java.smartcardio jdk.accessibility jdk.internal.jvmstat jdk.attach jdk.charsets jdk.internal.opt jdk.zipfs jdk.compiler jdk.crypto.ec jdk.crypto.cryptoki jdk.crypto.mscapi jdk.dynalink jdk.internal.ed jdk.editpad jdk.hotspot.agent jdk.httpserver jdk.internal.le jdk.internal.vm.ci jdk.internal.vm.compiler jdk.internal.vm.compiler.management jdk.jartool jdk.javadoc jdk.jcmd jdk.management jdk.management.agent jdk.jconsole jdk.jdeps jdk.jdwp.agent jdk.jdi jdk.jfr jdk.jshell jdk.jsobject jdk.jstatd jdk.localedata jdk.management.jfr jdk.naming.dns jdk.naming.rmi jdk.net jdk.nio.mapmode jdk.random jdk.sctp jdk.security.auth jdk.security.jgss jdk.unsupported jdk.unsupported.desktop jdk.xml.dom" 

Environment Variables:
JAVA_HOME=C:\Users\Angel\Downloads\jdk-21.0.7_windows-x64_bin\jdk-21.0.7
PATH=C:\Windows\system32;C:\Windows;C:\Windows\System32\Wbem;C:\Windows\System32\WindowsPowerShell\v1.0\;C:\Windows\System32\OpenSSH\;C:\Program Files\Git\cmd;C:\Program Files (x86)\NVIDIA Corporation\PhysX\Common;C:\Users\Angel\Downloads\apache-maven-3.9.11-bin\apache-maven-3.9.11\bin;C:\Users\Angel\Downloads\jdk-21.0.7_windows-x64_bin\jdk-21.0.7\bin;C:\Program Files\nodejs\;C:\Program Files\Amazon\AWSCLIV2\;C:\Program Files\dotnet\;C:\Program Files\MySQL\MySQL Server 8.0\bin;;C:\Program Files\Docker\Docker\resources\bin;C:\Program Files\MySQL\MySQL Shell 8.0\bin\;C:\Users\Angel\AppData\Local\Microsoft\WindowsApps;C:\Users\Angel\AppData\Local\Programs\Microsoft VS Code\bin;C:\Users\Angel\AppData\Roaming\npm;C:\Users\Angel\AppData\Local\Programs\mongosh\
USERNAME=Angel
OS=Windows_NT
PROCESSOR_IDENTIFIER=AMD64 Family 25 Model 68 Stepping 1, AuthenticAMD
TMP=C:\Users\Angel\AppData\Local\Temp
TEMP=C:\Users\Angel\AppData\Local\Temp




Periodic native trim disabled

---------------  S Y S T E M  ---------------

OS:
 Windows 11 , 64 bit Build 26100 (10.0.26100.7019)
OS uptime: 0 days 5:40 hours

CPU: total 16 (initial active 16) (16 cores per cpu, 2 threads per core) family 25 model 68 stepping 1 microcode 0xa404102, cx8, cmov, fxsr, ht, mmx, 3dnowpref, sse, sse2, sse3, ssse3, sse4a, sse4.1, sse4.2, popcnt, lzcnt, tsc, tscinvbit, avx, avx2, aes, erms, clmul, bmi1, bmi2, adx, sha, fma, vzeroupper, clflush, clflushopt, rdtscp, rdpid, fsrm, f16c, pku, cet_ss
Processor Information for processor 0
  Max Mhz: 3301, Current Mhz: 2022, Mhz Limit: 3301
Processor Information for processor 1
  Max Mhz: 3301, Current Mhz: 2498, Mhz Limit: 3301
Processor Information for processor 2
  Max Mhz: 3301, Current Mhz: 2498, Mhz Limit: 3301
Processor Information for processor 3
  Max Mhz: 3301, Current Mhz: 2498, Mhz Limit: 3301
Processor Information for processor 4
  Max Mhz: 3301, Current Mhz: 2022, Mhz Limit: 3301
Processor Information for processor 5
  Max Mhz: 3301, Current Mhz: 2022, Mhz Limit: 3301
Processor Information for processor 6
  Max Mhz: 3301, Current Mhz: 2022, Mhz Limit: 3301
Processor Information for processor 7
  Max Mhz: 3301, Current Mhz: 2022, Mhz Limit: 3301
Processor Information for processor 8
  Max Mhz: 3301, Current Mhz: 2498, Mhz Limit: 3301
Processor Information for processor 9
  Max Mhz: 3301, Current Mhz: 2498, Mhz Limit: 3301
Processor Information for processor 10
  Max Mhz: 3301, Current Mhz: 2498, Mhz Limit: 3301
Processor Information for processor 11
  Max Mhz: 3301, Current Mhz: 2022, Mhz Limit: 3301
Processor Information for processor 12
  Max Mhz: 3301, Current Mhz: 2022, Mhz Limit: 3301
Processor Information for processor 13
  Max Mhz: 3301, Current Mhz: 2022, Mhz Limit: 3301
Processor Information for processor 14
  Max Mhz: 3301, Current Mhz: 2022, Mhz Limit: 3301
Processor Information for processor 15
  Max Mhz: 3301, Current Mhz: 2022, Mhz Limit: 3301

Memory: 4k page, system-wide physical 19724M (8509M free)
TotalPageFile size 22924M (AvailPageFile size 6841M)
current process WorkingSet (physical memory assigned to process): 336M, peak: 339M
current process commit charge ("private bytes"): 423M, peak: 454M

vm_info: OpenJDK 64-Bit Server VM (21.0.9+10-LTS) for windows-amd64 JRE (21.0.9+10-LTS), built on 2025-10-21T00:00:00Z by "admin" with unknown MS VC++:1942

END.
